0:100  0:100  MemLog inited, TSC freq: 2995238100
0:100  0:000  CPU was calibrated with RTC
0:100  0:000  CloverX64 : Image base = 0x26C81000
0:100  0:000  Clover ImageHandle = 33b25c98
0:101  0:001  SelfDirPath = \EFI\CLOVER
0:103  0:001  === [ Starting Clover ] =========================
0:103  0:000  Now is 13.12.2025,  21:17:27 (GMT)
0:103  0:000  Starting Clover revision: 5165 (master, commit 1ac7cd496) on American Megatrends EFI
0:103  0:000  Build id: 20251213204959-1ac7cd4-5165-dirty
0:103  0:000  Build with: [Args: -D NO_GRUB_DRIVERS_EMBEDDED -D LESS_DEBUG -t GCC152 | --cmd-len=50000 -D NO_GRUB_DRIVERS_EMBEDDED -D LESS_DEBUG -D USE_LOW_EBDA -a X64 -b RELEASE -t GCC152 -n 13 | OS: 26.2]
0:103  0:000  === [ Get Smbios ] ==============================
0:110  0:007  Type 16 Index = 0
0:110  0:000  Total Memory Slots Count = 4
0:110  0:000  Type 17 Index = 0
0:110  0:000  Ignoring insane frequency value 6000MHz
0:110  0:000  SmbiosTable.Type17->SlotIndex = 0
0:110  0:000  SmbiosTable.Type17->ModuleSize = 16384MB
0:110  0:000  SmbiosTable.Type17->Type = 0
0:110  0:000  SmbiosTable.Type17->Frequency = 0MHz
0:110  0:000  SmbiosTable.Type17->Bank/Device = BANK 0 DDR5-A1
0:110  0:000  SmbiosTable.Type17->Vendor = Kingston
0:110  0:000  SmbiosTable.Type17->SerialNo = CE108C1C
0:110  0:000  SmbiosTable.Type17->PartNo = KF560C40-16
0:110  0:000  Type 17 Index = 1
0:110  0:000  Ignoring insane frequency value 6000MHz
0:110  0:000  SmbiosTable.Type17->SlotIndex = 1
0:110  0:000  SmbiosTable.Type17->ModuleSize = 16384MB
0:110  0:000  SmbiosTable.Type17->Type = 0
0:110  0:000  SmbiosTable.Type17->Frequency = 0MHz
0:110  0:000  SmbiosTable.Type17->Bank/Device = BANK 0 DDR5-A2
0:110  0:000  SmbiosTable.Type17->Vendor = Kingston
0:110  0:000  SmbiosTable.Type17->SerialNo = 2A2E4154
0:110  0:000  SmbiosTable.Type17->PartNo = KF560C40-16
0:110  0:000  Type 17 Index = 2
0:110  0:000  Ignoring insane frequency value 6000MHz
0:110  0:000  SmbiosTable.Type17->SlotIndex = 2
0:110  0:000  SmbiosTable.Type17->ModuleSize = 16384MB
0:110  0:000  SmbiosTable.Type17->Type = 0
0:110  0:000  SmbiosTable.Type17->Frequency = 0MHz
0:110  0:000  SmbiosTable.Type17->Bank/Device = BANK 0 DDR5-B1
0:110  0:000  SmbiosTable.Type17->Vendor = Kingston
0:110  0:000  SmbiosTable.Type17->SerialNo = D4108C72
0:110  0:000  SmbiosTable.Type17->PartNo = KF560C40-16
0:110  0:000  Type 17 Index = 3
0:110  0:000  Ignoring insane frequency value 6000MHz
0:110  0:000  SmbiosTable.Type17->SlotIndex = 3
0:110  0:000  SmbiosTable.Type17->ModuleSize = 16384MB
0:110  0:000  SmbiosTable.Type17->Type = 0
0:110  0:000  SmbiosTable.Type17->Frequency = 0MHz
0:110  0:000  SmbiosTable.Type17->Bank/Device = BANK 0 DDR5-B2
0:110  0:000  SmbiosTable.Type17->Vendor = Kingston
0:110  0:000  SmbiosTable.Type17->SerialNo = E5375D86
0:110  0:000  SmbiosTable.Type17->PartNo = KF560C40-16
0:110  0:000  Boot status=0
0:110  0:000  Running on: 'Z790 AORUS ELITE AX' with board 'Z790 AORUS ELITE AX'
0:110  0:000  === [ GetCPUProperties ] ========================
0:110  0:000  CPU Vendor = 756E6547 Model=B0671
0:110  0:000   The CPU supported SSE4.1
0:110  0:000   The CPU supported RDRAND
0:110  0:000  BrandString = 13th Gen Intel(R) Core(TM) i9-13900K
0:110  0:000   The CPU supported turbo
0:110  0:000   Energy PerfBias is  not visible:
0:110  0:000  MSR 0x35              180020
0:110  0:000   TSC/CCC Information Leaf:
0:110  0:000    numerator     : 156
0:110  0:000    denominator   : 2
0:110  0:000   Calibrated ARTFrequency: 38400488
0:110  0:000   Rounded ARTFrequency: 38400000
0:110  0:000  MSR 0xE2 before patch 74000003
0:110  0:000  MSR 0xCE              08080838_F1811E00
0:110  0:000  corrected FLEX_RATIO = E0000
0:110  0:000  FSBFrequency = 100 MHz, DMI FSBFrequency = 100 MHz, Corrected FSBFrequency = 100 MHz
0:110  0:000  MaxDiv/MinDiv: 30.0/8
0:110  0:000  Turbo: 55/55/58/58
0:110  0:000  Features: 0x77FAFBFFBFEBFBFF
0:110  0:000  Threads: 32
0:110  0:000  Cores: 24
0:110  0:000  FSB: 100 MHz
0:110  0:000  CPU: 3000 MHz
0:110  0:000  TSC: 3000 MHz
0:110  0:000  PIS: 100 MHz
0:110  0:000  ExternalClock: 25 MHz
0:110  0:000  === [ GetDevices ] ==============================
0:110  0:000  GOP found at: PciRoot(0x0)/Pci(0x1,0x0)/Pci(0x0,0x0)/Pci(0x0,0x0)/Pci(0x0,0x0)/AcpiAdr(0x80010302)
0:110  0:000  PCI (00|00:00.00) : 8086 A700 class=060000
0:110  0:000  PCI (00|00:01.00) : 8086 A70D class=060400
0:110  0:000  PCI (00|01:00.00) : 1002 1478 class=060400
0:110  0:000  PCI (00|02:00.00) : 1002 1479 class=060400
0:110  0:000  PCI (00|03:00.00) : 1002 73AF class=030000
0:110  0:000   - GFX: Model=AMD Radeon RX6900XT (ATI/AMD)
0:110  0:000   - GOP: Provided by device
0:110  0:000  PCI (00|03:00.01) : 1002 AB28 class=040300
0:110  0:000   - HDMI Audio: 
0:110  0:000  PCI (00|00:06.00) : 8086 A74D class=060400
0:110  0:000  PCI (00|04:00.00) : 15B7 5030 class=010802
0:110  0:000  PCI (00|00:14.00) : 8086 7A60 class=0C0330
0:110  0:000  PCI (00|00:14.02) : 8086 7A27 class=050000
0:110  0:000  PCI (00|00:14.03) : 8086 7A70 class=028000
0:110  0:000   - WIFI: Vendor= Intel
0:110  0:000  PCI (00|00:15.00) : 8086 7A4C class=0C8000
0:110  0:000  PCI (00|00:15.01) : 8086 7A4D class=0C8000
0:110  0:000  PCI (00|00:15.02) : 8086 7A4E class=0C8000
0:110  0:000  PCI (00|00:15.03) : 8086 7A4F class=0C8000
0:110  0:000  PCI (00|00:16.00) : 8086 7A68 class=078000
0:110  0:000  PCI (00|00:17.00) : 8086 7A62 class=010601
0:110  0:000  PCI (00|00:19.00) : 8086 7A7C class=0C8000
0:110  0:000  PCI (00|00:19.01) : 8086 7A7D class=0C8000
0:110  0:000  PCI (00|00:1A.00) : 8086 7A48 class=060400
0:110  0:000  PCI (00|05:00.00) : 15B7 5030 class=010802
0:110  0:000  PCI (00|00:1B.00) : 8086 7A40 class=060400
0:110  0:000  PCI (00|00:1B.04) : 8086 7A44 class=060400
0:110  0:000  PCI (00|07:00.00) : 15B7 501E class=010802
0:110  0:000  PCI (00|00:1C.00) : 8086 7A38 class=060400
0:110  0:000  PCI (00|00:1C.02) : 8086 7A3A class=060400
0:110  0:000  PCI (00|09:00.00) : 10EC 8125 class=020000
0:110  0:000   - LAN: 1 Vendor=Realtek
0:110  0:000  Legacy MAC address of LAN #0= 74:56:3C:34:B0:9D:
0:110  0:000  PCI (00|00:1C.04) : 8086 7A3C class=060400
0:111  0:000  PCI (00|0A:00.00) : 14E4 43A0 class=028000
0:111  0:000   - WIFI: Vendor= Broadcom
0:111  0:000  PCI (00|00:1D.00) : 8086 7A30 class=060400
0:111  0:000  PCI (00|00:1D.04) : 8086 7A34 class=060400
0:111  0:000  PCI (00|0C:00.00) : 144D A808 class=010802
0:111  0:000  PCI (00|00:1F.00) : 8086 7A04 class=060100
0:111  0:000  PCI (00|00:1F.03) : 8086 7A50 class=040300
0:111  0:000  PCI (00|00:1F.04) : 8086 7A23 class=0C0500
0:111  0:000  PCI (00|00:1F.05) : 8086 7A24 class=0C8000
0:111  0:000  _checkOEMPath Look for oem dir at path '\EFI\CLOVER\OEM\Z790 AORUS ELITE AX--74-56-3C-34-B0-9D'. Dir doesn't exist.
0:111  0:000  _checkOEMPath Look for oem dir at path '\EFI\CLOVER\OEM\Z790 AORUS ELITE AX\UEFI'. Dir doesn't exist.
0:111  0:000  _checkOEMPath Look for oem dir at path '\EFI\CLOVER\OEM\Z790 AORUS ELITE AX'. Dir doesn't exist.
0:111  0:000  _checkOEMPath Look for oem dir at path '\EFI\CLOVER\OEM\Z790 AORUS ELITE AX-3000'. Dir doesn't exist.
0:111  0:000  _checkOEMPath Look for oem dir at path '\EFI\CLOVER\OEM\Z790 AORUS ELITE AX'. Dir doesn't exist.
0:111  0:000  _checkOEMPath Look for oem dir at path '\EFI\CLOVER\OEM\Z790 AORUS ELITE AX-3000'. Dir doesn't exist.
0:111  0:000  === [ GetUserSettings ] =========================
0:111  0:000  GetDefaultModel()=MacPro7,1
0:111  0:000  === [ LoadUserSettings ] ========================
0:111  0:000  Using config.plist at path: \EFI\CLOVER
0:112  0:000  === [ LoadUserSettings ] ========================
0:112  0:000  Cannot find smbios.plist at path '\EFI\CLOVER' : Not Found
0:112  0:000  '\EFI\CLOVER\smbios.plist' not loaded. Efi error Not Found
0:112  0:000  create SMBIOS list, found 28 dicts
0:112  0:000  ... ACPI
0:112  0:000  ... Boot
0:112  0:000  ... BootGraphics
0:112  0:000  ... CPU
0:112  0:000  ... Devices
0:112  0:000  ... GUI
0:112  0:000  ... Graphics
0:112  0:000  ... KernelAndKextPatches
0:112  0:000  ... SMBIOS
0:112  0:000  ... SystemParameters
0:112  0:000  ... RtVariables
0:112  0:000  ... Quirks
0:112  0:000  get model from config.plist
0:112  0:000  Using latest BiosVersion from config instead of default 'MP71.88Z.F000.B00.2303040336'
0:112  0:000  Using latest BiosReleaseDate from config instead of default '03/04/2023'
0:112  0:000  Using latest EfiVersion from config instead of default '1968.100.17.0.0'
0:112  0:000  BiosVersion: MP71.88Z.F000.B00.2310052024
0:112  0:000  BiosReleaseDate: 10/05/2023
0:112  0:000  EfiVersion: 2020.41.1.0.0
0:112  0:000  Calibrated TSC Frequency = 2995238100 = 2995MHz
0:112  0:000  GOP found at: PciRoot(0x0)/Pci(0x1,0x0)/Pci(0x0,0x0)/Pci(0x0,0x0)/Pci(0x0,0x0)/AcpiAdr(0x80010302)
0:120  0:007  === [ GetListOfThemes ] =========================
0:120  0:000  - [00]: Glass
0:121  0:000  - [01]: mrengles
0:122  0:000  === [ Found config plists ] =====================
0:122  0:000  - config.plist
0:122  0:000  === [ LoadDrivers ] =============================
0:123  0:000  Loading VBoxHfs.efi status=Success
0:127  0:004   - driver needs connecting
0:127  0:000  Loading ApfsDriverLoader.efi status=Success
0:131  0:004   - driver needs connecting
0:131  0:000  2 drivers needs connecting ...
0:131  0:000  PlatformDriverOverrideProtocol not found. Installing ... Success
0:131  0:000  HFS+ driver loaded
0:131  0:000  APFS driver loaded
0:132  0:000  Searching for invalid DiskIo BY_DRIVER connects: not found, all ok
0:372  0:240  === [ InitScreen ] ==============================
0:372  0:000  Console modes reported: 7, available modes:
0:372  0:000   - [01]: 80x25
0:372  0:000   - [02]: 80x50
0:372  0:000   - [03]: 100x31
0:372  0:000   - [05]: 100x60
0:372  0:000   - [07]: 127x33 (current mode)
0:372  0:000  SetScreenResolution: 3440x1440 - setting Mode 0
0:374  0:002  Video mode change to mode #0: Success
0:375  0:000  === [ ScanSPD ] =================================
0:375  0:000  SMBus device : 8086 7A23 class=0C0500 status=Success
0:375  0:000  SMBus CmdReg: 0x3
0:375  0:000  Scanning SMBus [8086:7A23], mmio: 0x53F1E004, ioport: 0xEFA0, hostc: 0x1
0:375  0:000  Slots to scan [8]...
0:376  0:000  SPD[0]: Type 10 @0x50
0:377  0:000  SPD[1]: Type 10 @0x51
0:377  0:000  SPD[2]: Type 10 @0x52
0:378  0:000  SPD[3]: Type 10 @0x53
0:378  0:000  === [ GetAcpiTablesList ] =======================
0:378  0:000  Get Acpi Tables List from RSDT: count=32
0:378  0:000   - [00]: FACP  A M I  len=276
0:378  0:000   - [01]: FIDT  A M I  len=156
0:378  0:000   - [02]: SSDT  GSWApp len=48495
0:378  0:000   - [03]: HWIN  INTEL    len=212
0:378  0:000   - [04]: SSDT  DTbtSsdt len=12745
0:378  0:000   - [05]: SSDT  Pmax_Dev len=908
0:378  0:000   - [06]: SSDT  CpuSsdt len=23860
0:378  0:000   - [07]: SSDT  SaSsdt  len=10881
0:378  0:000   - [08]: SSDT  IgfxSsdt len=13135
0:378  0:000   - [09]: HPET  A M I  len=56
0:378  0:000   - [10]: APIC  A M I  len=476
0:378  0:000   - [11]: MCFG  A M I  len=60
0:378  0:000   - [12]: SSDT  A M I  len=34197
0:378  0:000   - [13]: SSDT  A M I  len=7962
0:378  0:000   - [14]: NHLT  A M I  len=45
0:378  0:000   - [15]: LPIT  A M I  len=204
0:378  0:000   - [16]: SSDT  A M I  len=10883
0:378  0:000   - [17]: SSDT  A M I  len=37620
0:378  0:000   - [18]: DBGP  A M I  len=52
0:378  0:000   - [19]: DBG2  A M I  len=84
0:378  0:000   - [20]: SSDT  A M I  len=6410
0:378  0:000   - [21]: DMAR  EDK2     len=80
0:378  0:000   - [22]: FPDT  A M I  len=68
0:378  0:000   - [23]: SSDT  xh_rps14 len=6650
0:378  0:000   - [24]: SSDT  SocGpe  len=14810
0:378  0:000   - [25]: SSDT  SocCmn  len=14810
0:378  0:000   - [26]: VFCT  A M I  len=44164
0:378  0:000   - [27]: BGRT  A M I  len=56
0:378  0:000   - [28]: WPBT  A M I  len=52
0:378  0:000   - [29]: PHAT  A M I  len=3901
0:378  0:000   - [30]: TPM2  A M I  len=76
0:378  0:000   - [31]: WSMT  A M I  len=40
0:378  0:000   - [00]: Drop table : SSDT, 34317370725f6878 :  yes
0:378  0:000   - [01]: Drop table : SSDT,         52414d44 :  no
0:378  0:000  Custom boot CUSTOM_BOOT_USER_DISABLED (0x0)
0:378  0:000  Sub entry custom boot CUSTOM_BOOT_DISABLED (0x2F82F160)
0:378  0:000  Sub entry custom boot CUSTOM_BOOT_DISABLED (0x2F82F560)
0:378  0:000  Default theme: Glass
0:379  0:000  Set FakeCPUID: 0x706E5
0:379  0:000  === [ Found DSDT tables ] =======================
0:379  0:000  === [ InitKextList ] ============================
0:380  0:000  Added Kext=Other\Lilu.kext (1.7.2)
0:380  0:000  Added Kext=Other\CryptexFixup.kext (1.0.5)
0:381  0:000  Added Kext=Other\HibernationFixup.kext (1.5.4)
0:381  0:000  Added Kext=Other\AMFIPass.kext (1.4.1)
0:381  0:000  Added Kext=Other\itlwm.kext (2.4.0)
0:381  0:000  Added Kext=Other\AirPortUtility.kext (1)
0:394  0:012  Added Kext=Other\AppleALC.kext (1.9.6)
0:394  0:000  Added Kext=Other\RestrictEvents.kext (1.1.6)
0:395  0:000  Added Kext=Other\NVMeFix.kext (1.1.3)
0:399  0:004  Added Kext=Other\ITEIT87x.kext (1.0.7)
0:400  0:000  Added Kext=Other\CpuTopologyRebuild.kext (2.0.2)
0:400  0:000  Added Kext=Other\RTCMemoryFixup.kext (1.0.8)
0:401  0:000  Added Kext=Other\USBWakeFixup.kext (1)
0:401  0:000  Added Kext=Other\USBMap.kext (1.0)
0:402  0:000  Added Kext=Other\FeatureUnlock.kext (1.1.8)
0:402  0:000  Added Kext=Other\IntelCPUMonitor.kext (1.2.6)
0:403  0:000  Added Kext=Other\NootRX.kext (1.0.0)
0:403  0:000  Added Kext=Other\LGUltraWide.kext (9.9.9)
0:403  0:000  Added Kext=Other\LucyRTL8125Ethernet.kext (1.2.2)
0:404  0:000  Added Kext=Other\FakeSMC.kext (3.5.6)
0:404  0:000  Added Kext=Other\ACPIMonitor.kext (1.0.3)
0:405  0:000  Added Kext=Other\RadeonMonitor.kext (1.3.5)
0:405  0:000  === [ ScanVolumes ] =============================
0:405  0:000  Found 26 volumes with blockIO
0:405  0:000  - [00]: Volume: PciRoot(0x0)\Pci(0x6,0x0)\Pci(0x0,0x0)\NVMe(0x1,A4-E5-08-4B-8B-44-1B-00)
0:405  0:000  - [01]: Volume: PciRoot(0x0)\Pci(0x6,0x0)\Pci(0x0,0x0)\NVMe(0x1,A4-E5-08-4B-8B-44-1B-00)\HD(1,GPT,D20B59FC-5DFA-4116-8FC8-8F74FBBD1BE8,0x28,0x64000)
0:405  0:000          Result of bootcode detection: bootable unknown (legacy)
0:406  0:000            label : EFI
0:406  0:000  - [02]: Volume: PciRoot(0x0)\Pci(0x6,0x0)\Pci(0x0,0x0)\NVMe(0x1,A4-E5-08-4B-8B-44-1B-00)\HD(2,GPT,11D0FB56-D897-4243-935F-718E7EF2EDE1,0x64028,0x746A2D60)
0:406  0:000          Result of bootcode detection: bootable unknown (legacy)
0:406  0:000          hiding this volume
0:406  0:000  - [03]: Volume: PciRoot(0x0)\Pci(0x17,0x0)\Sata(0x7,0xFFFF,0x0)
0:406  0:000  - [04]: Volume: PciRoot(0x0)\Pci(0x17,0x0)\Sata(0x7,0xFFFF,0x0)\HD(1,GPT,CF98EDC7-F698-45FC-AD37-22365D401FD3,0x800,0x1D1A05948)
0:407  0:000          Result of bootcode detection: bootable unknown (legacy)
0:407  0:000          hiding this volume
0:407  0:000  - [05]: Volume: PciRoot(0x0)\Pci(0x1A,0x0)\Pci(0x0,0x0)\NVMe(0x1,97-48-39-40-8B-44-1B-00)
0:407  0:000  - [06]: Volume: PciRoot(0x0)\Pci(0x1A,0x0)\Pci(0x0,0x0)\NVMe(0x1,97-48-39-40-8B-44-1B-00)\HD(1,GPT,6F5F8D49-9DDD-47C7-8883-72C22694DD0E,0x28,0x64000)
0:407  0:000          Result of bootcode detection: bootable unknown (legacy)
0:407  0:000            label : EFI
0:407  0:000  - [07]: Volume: PciRoot(0x0)\Pci(0x1A,0x0)\Pci(0x0,0x0)\NVMe(0x1,97-48-39-40-8B-44-1B-00)\HD(2,GPT,249C727B-DC21-4565-A1A7-3EB3DE9FCD03,0x64028,0x1D1BA7E60)
0:408  0:000          Result of bootcode detection: bootable unknown (legacy)
0:408  0:000          hiding this volume
0:408  0:000  - [08]: Volume: PciRoot(0x0)\Pci(0x1B,0x4)\Pci(0x0,0x0)\NVMe(0x1,83-D3-DF-49-4A-44-1B-00)
0:408  0:000  - [09]: Volume: PciRoot(0x0)\Pci(0x1B,0x4)\Pci(0x0,0x0)\NVMe(0x1,83-D3-DF-49-4A-44-1B-00)\HD(1,GPT,EAF65816-CA48-499A-B33F-7993E8C90341,0x28,0x64000)
0:408  0:000          Result of bootcode detection: bootable unknown (legacy)
0:409  0:001            label : EFI
0:409  0:000  - [10]: Volume: PciRoot(0x0)\Pci(0x1B,0x4)\Pci(0x0,0x0)\NVMe(0x1,83-D3-DF-49-4A-44-1B-00)\HD(2,GPT,86C8A9FA-51A8-490E-A36D-668C90235DE5,0x64028,0x3A321FE0)
0:410  0:000          Result of bootcode detection: bootable unknown (legacy)
0:410  0:000          hiding this volume
0:410  0:000  - [11]: Volume: PciRoot(0x0)\Pci(0x1D,0x4)\Pci(0x0,0x0)\NVMe(0x1,C6-2B-50-01-54-38-25-00)
0:410  0:000  - [12]: Volume: PciRoot(0x0)\Pci(0x1D,0x4)\Pci(0x0,0x0)\NVMe(0x1,C6-2B-50-01-54-38-25-00)\HD(1,GPT,04CEF5C5-C7B3-43F6-BF71-7BCA88768F0B,0x28,0x64000)
0:410  0:000          Result of bootcode detection: bootable unknown (legacy)
0:410  0:000            label : EFI
0:410  0:000          This is SelfVolume !!
0:410  0:000  - [13]: Volume: PciRoot(0x0)\Pci(0x1D,0x4)\Pci(0x0,0x0)\NVMe(0x1,C6-2B-50-01-54-38-25-00)\HD(2,GPT,8E27CCBA-C102-43AE-92BE-2D610096F799,0x64028,0x3A321FE0)
0:410  0:000          Result of bootcode detection: bootable unknown (legacy)
0:410  0:000          hiding this volume
0:410  0:000  - [14]: Volume: PciRoot(0x0)\Pci(0x6,0x0)\Pci(0x0,0x0)\NVMe(0x1,A4-E5-08-4B-8B-44-1B-00)\HD(2,GPT,11D0FB56-D897-4243-935F-718E7EF2EDE1,0x64028,0x746A2D60)\VenMedia(BE74FCF7-0B7C-49F3-9147-01F4042E6842,3B99111F7F3F0240932EA43304119772)
0:410  0:000            apfsFileSystemUUID=1F11993B-3F7F-4002-932E-A43304119772, ApfsContainerUUID=364E3DF6-9581-4401-97DD-BEAE1EA5930D, ApfsRole=0x10
0:410  0:000            label : Preboot
0:410  0:000  - [15]: Volume: PciRoot(0x0)\Pci(0x6,0x0)\Pci(0x0,0x0)\NVMe(0x1,A4-E5-08-4B-8B-44-1B-00)\HD(2,GPT,11D0FB56-D897-4243-935F-718E7EF2EDE1,0x64028,0x746A2D60)\VenMedia(BE74FCF7-0B7C-49F3-9147-01F4042E6842,218677F9AE270F46ADCF8A33C0E92E97)
0:410  0:000            apfsFileSystemUUID=F9778621-27AE-460F-ADCF-8A33C0E92E97, ApfsContainerUUID=364E3DF6-9581-4401-97DD-BEAE1EA5930D, ApfsRole=0x40
0:412  0:001            label : macOs Tahoe - Dados
0:412  0:000  - [16]: Volume: PciRoot(0x0)\Pci(0x6,0x0)\Pci(0x0,0x0)\NVMe(0x1,A4-E5-08-4B-8B-44-1B-00)\HD(2,GPT,11D0FB56-D897-4243-935F-718E7EF2EDE1,0x64028,0x746A2D60)\VenMedia(BE74FCF7-0B7C-49F3-9147-01F4042E6842,28BC9919D1B7314593AC489DC8853B98)
0:412  0:000            apfsFileSystemUUID=1999BC28-B7D1-4531-93AC-489DC8853B98, ApfsContainerUUID=364E3DF6-9581-4401-97DD-BEAE1EA5930D, ApfsRole=0x4
0:412  0:000            label : Recovery
0:412  0:000          hiding this volume
0:412  0:000  - [17]: Volume: PciRoot(0x0)\Pci(0x6,0x0)\Pci(0x0,0x0)\NVMe(0x1,A4-E5-08-4B-8B-44-1B-00)\HD(2,GPT,11D0FB56-D897-4243-935F-718E7EF2EDE1,0x64028,0x746A2D60)\VenMedia(BE74FCF7-0B7C-49F3-9147-01F4042E6842,C2370F8DFCC6FE499CB97C7202876386)
0:412  0:000            apfsFileSystemUUID=8D0F37C2-C6FC-49FE-9CB9-7C7202876386, ApfsContainerUUID=364E3DF6-9581-4401-97DD-BEAE1EA5930D, ApfsRole=0x1
0:414  0:001            label : macOs Tahoe
0:414  0:000  - [18]: Volume: PciRoot(0x0)\Pci(0x6,0x0)\Pci(0x0,0x0)\NVMe(0x1,A4-E5-08-4B-8B-44-1B-00)\HD(2,GPT,11D0FB56-D897-4243-935F-718E7EF2EDE1,0x64028,0x746A2D60)\VenMedia(BE74FCF7-0B7C-49F3-9147-01F4042E6842,3C1C317B4810904085409FEB16E181E6)
0:414  0:000            apfsFileSystemUUID=7B311C3C-1048-4090-8540-9FEB16E181E6, ApfsContainerUUID=364E3DF6-9581-4401-97DD-BEAE1EA5930D, ApfsRole=0xc0
0:414  0:000            label : Update
0:414  0:000  - [19]: Volume: PciRoot(0x0)\Pci(0x6,0x0)\Pci(0x0,0x0)\NVMe(0x1,A4-E5-08-4B-8B-44-1B-00)\HD(2,GPT,11D0FB56-D897-4243-935F-718E7EF2EDE1,0x64028,0x746A2D60)\VenMedia(BE74FCF7-0B7C-49F3-9147-01F4042E6842,4D5E5A2864A3A344B90A8306A5DA029A)
0:414  0:000            apfsFileSystemUUID=285A5E4D-A364-44A3-B90A-8306A5DA029A, ApfsContainerUUID=364E3DF6-9581-4401-97DD-BEAE1EA5930D, ApfsRole=0x8
0:414  0:000            label : VM
0:414  0:000  - [20]: Volume: PciRoot(0x0)\Pci(0x1D,0x4)\Pci(0x0,0x0)\NVMe(0x1,C6-2B-50-01-54-38-25-00)\HD(2,GPT,8E27CCBA-C102-43AE-92BE-2D610096F799,0x64028,0x3A321FE0)\VenMedia(BE74FCF7-0B7C-49F3-9147-01F4042E6842,3F929F2A3F20594998E5ABC9F0296841)
0:414  0:000            apfsFileSystemUUID=2A9F923F-203F-4959-98E5-ABC9F0296841, ApfsContainerUUID=161E60B5-99A1-4253-9438-DE44679A4189, ApfsRole=0x10
0:414  0:000            label : Preboot
0:414  0:000  - [21]: Volume: PciRoot(0x0)\Pci(0x1D,0x4)\Pci(0x0,0x0)\NVMe(0x1,C6-2B-50-01-54-38-25-00)\HD(2,GPT,8E27CCBA-C102-43AE-92BE-2D610096F799,0x64028,0x3A321FE0)\VenMedia(BE74FCF7-0B7C-49F3-9147-01F4042E6842,08941D5FFA3B634A82E85380FEBDF63E)
0:414  0:000            apfsFileSystemUUID=5F1D9408-3BFA-4A63-82E8-5380FEBDF63E, ApfsContainerUUID=161E60B5-99A1-4253-9438-DE44679A4189, ApfsRole=0x40
0:418  0:003            label : macOs Ventura - Dados
0:418  0:000  - [22]: Volume: PciRoot(0x0)\Pci(0x1D,0x4)\Pci(0x0,0x0)\NVMe(0x1,C6-2B-50-01-54-38-25-00)\HD(2,GPT,8E27CCBA-C102-43AE-92BE-2D610096F799,0x64028,0x3A321FE0)\VenMedia(BE74FCF7-0B7C-49F3-9147-01F4042E6842,CE78F2CD36541347A7BC73356DE2A5F7)
0:418  0:000            apfsFileSystemUUID=CDF278CE-5436-4713-A7BC-73356DE2A5F7, ApfsContainerUUID=161E60B5-99A1-4253-9438-DE44679A4189, ApfsRole=0x4
0:418  0:000            label : Recovery
0:418  0:000          hiding this volume
0:418  0:000  - [23]: Volume: PciRoot(0x0)\Pci(0x1D,0x4)\Pci(0x0,0x0)\NVMe(0x1,C6-2B-50-01-54-38-25-00)\HD(2,GPT,8E27CCBA-C102-43AE-92BE-2D610096F799,0x64028,0x3A321FE0)\VenMedia(BE74FCF7-0B7C-49F3-9147-01F4042E6842,81C8410D048D644D8B478825B6442B46)
0:418  0:000            apfsFileSystemUUID=0D41C881-8D04-4D64-8B47-8825B6442B46, ApfsContainerUUID=161E60B5-99A1-4253-9438-DE44679A4189, ApfsRole=0x1
0:420  0:002            label : macOs Ventura
0:420  0:000  - [24]: Volume: PciRoot(0x0)\Pci(0x1D,0x4)\Pci(0x0,0x0)\NVMe(0x1,C6-2B-50-01-54-38-25-00)\HD(2,GPT,8E27CCBA-C102-43AE-92BE-2D610096F799,0x64028,0x3A321FE0)\VenMedia(BE74FCF7-0B7C-49F3-9147-01F4042E6842,20CF08B86E184244BBEBC77EFC00EFB6)
0:420  0:000            apfsFileSystemUUID=B808CF20-186E-4442-BBEB-C77EFC00EFB6, ApfsContainerUUID=161E60B5-99A1-4253-9438-DE44679A4189, ApfsRole=0xc0
0:420  0:000            label : Update
0:420  0:000  - [25]: Volume: PciRoot(0x0)\Pci(0x1D,0x4)\Pci(0x0,0x0)\NVMe(0x1,C6-2B-50-01-54-38-25-00)\HD(2,GPT,8E27CCBA-C102-43AE-92BE-2D610096F799,0x64028,0x3A321FE0)\VenMedia(BE74FCF7-0B7C-49F3-9147-01F4042E6842,F4CB38E0A52841479B341BE286ABA1D7)
0:420  0:000            apfsFileSystemUUID=E038CBF4-28A5-4741-9B34-1BE286ABA1D7, ApfsContainerUUID=161E60B5-99A1-4253-9438-DE44679A4189, ApfsRole=0x8
0:420  0:000            label : VM
0:420  0:000  No AudioIoProtocols, status=Not Found
0:421  0:000  === [ InitXTheme ] ==============================
0:421  0:000  use Daylight theme
0:421  0:000  Using theme 'Glass' (Glass)
0:421  0:000  OS main and drive as badge
0:774  0:352  theme inited
0:774  0:000  Chosen theme Glass
0:774  0:000  after NVRAM boot-args=alcid=12 npci=0x3000 revcpu=1 revpatch=cpuname,sbvmm,diskread,pci agdpmod=pikera ctrsmt=full -wegnoigpu watchdog=0 keepsyms=1 -allow_fv -allow_amfi
0:774  0:000  === [ Dump SMC keys from NVRAM ] ================
0:774  0:000  found AppleSMC protocol
0:782  0:007     fakesmc-key-RPlt-ch8*:6A 31 36 4F 00 00 00 00 
0:783  0:001     fakesmc-key-BEMB-flag:00 
0:784  0:001     fakesmc-key-BATP-flag:00 
0:785  0:000     fakesmc-key-BNum-ui8:00 
0:786  0:001     fakesmc-key-MSTc-ui8:00 
0:787  0:000     fakesmc-key-MSAc-ui16:00 00 
0:788  0:001     fakesmc-key-MSWr-ui8:00 
0:789  0:000     fakesmc-key-MSFW-ui8:01 00 
0:790  0:000     fakesmc-key-MSPS-ui16:00 03 
0:791  0:001     fakesmc-key-#KEY-ui32:00 00 00 0D 
0:792  0:001     fakesmc-key-$Adr-ui32:00 00 03 00 
0:794  0:001     fakesmc-key-$Num-ui8:01 
0:794  0:000     fakesmc-key-RMde-char:41 
0:801  0:006  Registered 13 SMC keys
0:805  0:003  === [ AddCustomEntries ] ========================
0:805  0:000  - [00]: 'macOs Ventura'
0:805  0:000      Checking volume "EFI" (PciRoot(0x0)\Pci(0x6,0x0)\Pci(0x0,0x0)\NVMe(0x1,A4-E5-08-4B-8B-44-1B-00)\HD(1,GPT,D20B59FC-5DFA-4116-8FC8-8F74FBBD1BE8,0x28,0x64000)) ... skipped because volume does not match
0:805  0:000      Checking volume "EFI" (PciRoot(0x0)\Pci(0x1A,0x0)\Pci(0x0,0x0)\NVMe(0x1,97-48-39-40-8B-44-1B-00)\HD(1,GPT,6F5F8D49-9DDD-47C7-8883-72C22694DD0E,0x28,0x64000)) ... skipped because volume does not match
0:805  0:000      Checking volume "EFI" (PciRoot(0x0)\Pci(0x1B,0x4)\Pci(0x0,0x0)\NVMe(0x1,83-D3-DF-49-4A-44-1B-00)\HD(1,GPT,EAF65816-CA48-499A-B33F-7993E8C90341,0x28,0x64000)) ... skipped because volume does not match
0:805  0:000      Checking volume "EFI" (PciRoot(0x0)\Pci(0x1D,0x4)\Pci(0x0,0x0)\NVMe(0x1,C6-2B-50-01-54-38-25-00)\HD(1,GPT,04CEF5C5-C7B3-43F6-BF71-7BCA88768F0B,0x28,0x64000)) ... skipped because volume does not match
0:805  0:000      Checking volume "Preboot" (PciRoot(0x0)\Pci(0x6,0x0)\Pci(0x0,0x0)\NVMe(0x1,A4-E5-08-4B-8B-44-1B-00)\HD(2,GPT,11D0FB56-D897-4243-935F-718E7EF2EDE1,0x64028,0x746A2D60)\VenMedia(BE74FCF7-0B7C-49F3-9147-01F4042E6842,3B99111F7F3F0240932EA43304119772)) ...   - search volume '2A9F923F-203F-4959-98E5-ABC9F0296841', but MediaPath '1F11993B-3F7F-4002-932E-A43304119772' 
0:805  0:000  skipped because volume does not match
0:805  0:000      Checking volume "macOs Tahoe - Dados" (PciRoot(0x0)\Pci(0x6,0x0)\Pci(0x0,0x0)\NVMe(0x1,A4-E5-08-4B-8B-44-1B-00)\HD(2,GPT,11D0FB56-D897-4243-935F-718E7EF2EDE1,0x64028,0x746A2D60)\VenMedia(BE74FCF7-0B7C-49F3-9147-01F4042E6842,218677F9AE270F46ADCF8A33C0E92E97)) ...   - search volume '2A9F923F-203F-4959-98E5-ABC9F0296841', but MediaPath 'F9778621-27AE-460F-ADCF-8A33C0E92E97' 
0:805  0:000  skipped because volume does not match
0:805  0:000      Checking volume "Recovery" (PciRoot(0x0)\Pci(0x6,0x0)\Pci(0x0,0x0)\NVMe(0x1,A4-E5-08-4B-8B-44-1B-00)\HD(2,GPT,11D0FB56-D897-4243-935F-718E7EF2EDE1,0x64028,0x746A2D60)\VenMedia(BE74FCF7-0B7C-49F3-9147-01F4042E6842,28BC9919D1B7314593AC489DC8853B98)) ... skipped because volume is hidden
0:805  0:000      Checking volume "macOs Tahoe" (PciRoot(0x0)\Pci(0x6,0x0)\Pci(0x0,0x0)\NVMe(0x1,A4-E5-08-4B-8B-44-1B-00)\HD(2,GPT,11D0FB56-D897-4243-935F-718E7EF2EDE1,0x64028,0x746A2D60)\VenMedia(BE74FCF7-0B7C-49F3-9147-01F4042E6842,C2370F8DFCC6FE499CB97C7202876386)) ...   - search volume '2A9F923F-203F-4959-98E5-ABC9F0296841', but MediaPath '8D0F37C2-C6FC-49FE-9CB9-7C7202876386' 
0:805  0:000  skipped because volume does not match
0:805  0:000      Checking volume "Update" (PciRoot(0x0)\Pci(0x6,0x0)\Pci(0x0,0x0)\NVMe(0x1,A4-E5-08-4B-8B-44-1B-00)\HD(2,GPT,11D0FB56-D897-4243-935F-718E7EF2EDE1,0x64028,0x746A2D60)\VenMedia(BE74FCF7-0B7C-49F3-9147-01F4042E6842,3C1C317B4810904085409FEB16E181E6)) ...   - search volume '2A9F923F-203F-4959-98E5-ABC9F0296841', but MediaPath '7B311C3C-1048-4090-8540-9FEB16E181E6' 
0:805  0:000  skipped because volume does not match
0:805  0:000      Checking volume "VM" (PciRoot(0x0)\Pci(0x6,0x0)\Pci(0x0,0x0)\NVMe(0x1,A4-E5-08-4B-8B-44-1B-00)\HD(2,GPT,11D0FB56-D897-4243-935F-718E7EF2EDE1,0x64028,0x746A2D60)\VenMedia(BE74FCF7-0B7C-49F3-9147-01F4042E6842,4D5E5A2864A3A344B90A8306A5DA029A)) ...   - search volume '2A9F923F-203F-4959-98E5-ABC9F0296841', but MediaPath '285A5E4D-A364-44A3-B90A-8306A5DA029A' 
0:805  0:000  skipped because volume does not match
0:805  0:000      Checking volume "Preboot" (PciRoot(0x0)\Pci(0x1D,0x4)\Pci(0x0,0x0)\NVMe(0x1,C6-2B-50-01-54-38-25-00)\HD(2,GPT,8E27CCBA-C102-43AE-92BE-2D610096F799,0x64028,0x3A321FE0)\VenMedia(BE74FCF7-0B7C-49F3-9147-01F4042E6842,3F929F2A3F20594998E5ABC9F0296841)) ...    - found entry for volume '2A9F923F-203F-4959-98E5-ABC9F0296841', '2A9F923F-203F-4959-98E5-ABC9F0296841'
0:805  0:000  match!
0:805  0:000        OSVersion=13.7.8 
0:805  0:000        Check if volume Is Hibernated:
0:805  0:000        Check sleep image 'by signature':
0:805  0:000        using default sleep image name = \private\var\vm\sleepimage
0:805  0:000        cannot open sleepimage -> Not Found
0:805  0:000        hibernated: no - sign
0:805  0:000        IconName=ventura,mac comma=7 size=11
0:805  0:000        first=os_ventura
0:806  0:000        Show badge as Drive.
0:806  0:000        Loader entry created for 'PciRoot(0x0)\Pci(0x1D,0x4)\Pci(0x0,0x0)\NVMe(0x1,C6-2B-50-01-54-38-25-00)\HD(2,GPT,8E27CCBA-C102-43AE-92BE-2D610096F799,0x64028,0x3A321FE0)\VenMedia(BE74FCF7-0B7C-49F3-9147-01F4042E6842,3F929F2A3F20594998E5ABC9F0296841)\5F1D9408-3BFA-4A63-82E8-5380FEBDF63E\System\Library\CoreServices\boot.efi'
0:806  0:000      Checking volume "macOs Ventura - Dados" (PciRoot(0x0)\Pci(0x1D,0x4)\Pci(0x0,0x0)\NVMe(0x1,C6-2B-50-01-54-38-25-00)\HD(2,GPT,8E27CCBA-C102-43AE-92BE-2D610096F799,0x64028,0x3A321FE0)\VenMedia(BE74FCF7-0B7C-49F3-9147-01F4042E6842,08941D5FFA3B634A82E85380FEBDF63E)) ...   - search volume '2A9F923F-203F-4959-98E5-ABC9F0296841', but MediaPath '5F1D9408-3BFA-4A63-82E8-5380FEBDF63E' 
0:806  0:000  skipped because volume does not match
0:806  0:000      Checking volume "Recovery" (PciRoot(0x0)\Pci(0x1D,0x4)\Pci(0x0,0x0)\NVMe(0x1,C6-2B-50-01-54-38-25-00)\HD(2,GPT,8E27CCBA-C102-43AE-92BE-2D610096F799,0x64028,0x3A321FE0)\VenMedia(BE74FCF7-0B7C-49F3-9147-01F4042E6842,CE78F2CD36541347A7BC73356DE2A5F7)) ... skipped because volume is hidden
0:806  0:000      Checking volume "macOs Ventura" (PciRoot(0x0)\Pci(0x1D,0x4)\Pci(0x0,0x0)\NVMe(0x1,C6-2B-50-01-54-38-25-00)\HD(2,GPT,8E27CCBA-C102-43AE-92BE-2D610096F799,0x64028,0x3A321FE0)\VenMedia(BE74FCF7-0B7C-49F3-9147-01F4042E6842,81C8410D048D644D8B478825B6442B46)) ...   - search volume '2A9F923F-203F-4959-98E5-ABC9F0296841', but MediaPath '0D41C881-8D04-4D64-8B47-8825B6442B46' 
0:806  0:000  skipped because volume does not match
0:806  0:000      Checking volume "Update" (PciRoot(0x0)\Pci(0x1D,0x4)\Pci(0x0,0x0)\NVMe(0x1,C6-2B-50-01-54-38-25-00)\HD(2,GPT,8E27CCBA-C102-43AE-92BE-2D610096F799,0x64028,0x3A321FE0)\VenMedia(BE74FCF7-0B7C-49F3-9147-01F4042E6842,20CF08B86E184244BBEBC77EFC00EFB6)) ...   - search volume '2A9F923F-203F-4959-98E5-ABC9F0296841', but MediaPath 'B808CF20-186E-4442-BBEB-C77EFC00EFB6' 
0:806  0:000  skipped because volume does not match
0:806  0:000      Checking volume "VM" (PciRoot(0x0)\Pci(0x1D,0x4)\Pci(0x0,0x0)\NVMe(0x1,C6-2B-50-01-54-38-25-00)\HD(2,GPT,8E27CCBA-C102-43AE-92BE-2D610096F799,0x64028,0x3A321FE0)\VenMedia(BE74FCF7-0B7C-49F3-9147-01F4042E6842,F4CB38E0A52841479B341BE286ABA1D7)) ...   - search volume '2A9F923F-203F-4959-98E5-ABC9F0296841', but MediaPath 'E038CBF4-28A5-4741-9B34-1BE286ABA1D7' 
0:806  0:000  skipped because volume does not match
0:806  0:000  - [00]: 'macOs Tahoe'
0:806  0:000      Checking volume "EFI" (PciRoot(0x0)\Pci(0x6,0x0)\Pci(0x0,0x0)\NVMe(0x1,A4-E5-08-4B-8B-44-1B-00)\HD(1,GPT,D20B59FC-5DFA-4116-8FC8-8F74FBBD1BE8,0x28,0x64000)) ... skipped because volume does not match
0:806  0:000      Checking volume "EFI" (PciRoot(0x0)\Pci(0x1A,0x0)\Pci(0x0,0x0)\NVMe(0x1,97-48-39-40-8B-44-1B-00)\HD(1,GPT,6F5F8D49-9DDD-47C7-8883-72C22694DD0E,0x28,0x64000)) ... skipped because volume does not match
0:806  0:000      Checking volume "EFI" (PciRoot(0x0)\Pci(0x1B,0x4)\Pci(0x0,0x0)\NVMe(0x1,83-D3-DF-49-4A-44-1B-00)\HD(1,GPT,EAF65816-CA48-499A-B33F-7993E8C90341,0x28,0x64000)) ... skipped because volume does not match
0:806  0:000      Checking volume "EFI" (PciRoot(0x0)\Pci(0x1D,0x4)\Pci(0x0,0x0)\NVMe(0x1,C6-2B-50-01-54-38-25-00)\HD(1,GPT,04CEF5C5-C7B3-43F6-BF71-7BCA88768F0B,0x28,0x64000)) ... skipped because volume does not match
0:806  0:000      Checking volume "Preboot" (PciRoot(0x0)\Pci(0x6,0x0)\Pci(0x0,0x0)\NVMe(0x1,A4-E5-08-4B-8B-44-1B-00)\HD(2,GPT,11D0FB56-D897-4243-935F-718E7EF2EDE1,0x64028,0x746A2D60)\VenMedia(BE74FCF7-0B7C-49F3-9147-01F4042E6842,3B99111F7F3F0240932EA43304119772)) ...   - search volume 'D16455B1-F498-4408-BABC-16549CDAE465', but MediaPath '1F11993B-3F7F-4002-932E-A43304119772' 
0:806  0:000  skipped because volume does not match
0:806  0:000      Checking volume "macOs Tahoe - Dados" (PciRoot(0x0)\Pci(0x6,0x0)\Pci(0x0,0x0)\NVMe(0x1,A4-E5-08-4B-8B-44-1B-00)\HD(2,GPT,11D0FB56-D897-4243-935F-718E7EF2EDE1,0x64028,0x746A2D60)\VenMedia(BE74FCF7-0B7C-49F3-9147-01F4042E6842,218677F9AE270F46ADCF8A33C0E92E97)) ...   - search volume 'D16455B1-F498-4408-BABC-16549CDAE465', but MediaPath 'F9778621-27AE-460F-ADCF-8A33C0E92E97' 
0:806  0:000  skipped because volume does not match
0:806  0:000      Checking volume "Recovery" (PciRoot(0x0)\Pci(0x6,0x0)\Pci(0x0,0x0)\NVMe(0x1,A4-E5-08-4B-8B-44-1B-00)\HD(2,GPT,11D0FB56-D897-4243-935F-718E7EF2EDE1,0x64028,0x746A2D60)\VenMedia(BE74FCF7-0B7C-49F3-9147-01F4042E6842,28BC9919D1B7314593AC489DC8853B98)) ... skipped because volume is hidden
0:806  0:000      Checking volume "macOs Tahoe" (PciRoot(0x0)\Pci(0x6,0x0)\Pci(0x0,0x0)\NVMe(0x1,A4-E5-08-4B-8B-44-1B-00)\HD(2,GPT,11D0FB56-D897-4243-935F-718E7EF2EDE1,0x64028,0x746A2D60)\VenMedia(BE74FCF7-0B7C-49F3-9147-01F4042E6842,C2370F8DFCC6FE499CB97C7202876386)) ...   - search volume 'D16455B1-F498-4408-BABC-16549CDAE465', but MediaPath '8D0F37C2-C6FC-49FE-9CB9-7C7202876386' 
0:806  0:000  skipped because volume does not match
0:806  0:000      Checking volume "Update" (PciRoot(0x0)\Pci(0x6,0x0)\Pci(0x0,0x0)\NVMe(0x1,A4-E5-08-4B-8B-44-1B-00)\HD(2,GPT,11D0FB56-D897-4243-935F-718E7EF2EDE1,0x64028,0x746A2D60)\VenMedia(BE74FCF7-0B7C-49F3-9147-01F4042E6842,3C1C317B4810904085409FEB16E181E6)) ...   - search volume 'D16455B1-F498-4408-BABC-16549CDAE465', but MediaPath '7B311C3C-1048-4090-8540-9FEB16E181E6' 
0:806  0:000  skipped because volume does not match
0:806  0:000      Checking volume "VM" (PciRoot(0x0)\Pci(0x6,0x0)\Pci(0x0,0x0)\NVMe(0x1,A4-E5-08-4B-8B-44-1B-00)\HD(2,GPT,11D0FB56-D897-4243-935F-718E7EF2EDE1,0x64028,0x746A2D60)\VenMedia(BE74FCF7-0B7C-49F3-9147-01F4042E6842,4D5E5A2864A3A344B90A8306A5DA029A)) ...   - search volume 'D16455B1-F498-4408-BABC-16549CDAE465', but MediaPath '285A5E4D-A364-44A3-B90A-8306A5DA029A' 
0:806  0:000  skipped because volume does not match
0:806  0:000      Checking volume "Preboot" (PciRoot(0x0)\Pci(0x1D,0x4)\Pci(0x0,0x0)\NVMe(0x1,C6-2B-50-01-54-38-25-00)\HD(2,GPT,8E27CCBA-C102-43AE-92BE-2D610096F799,0x64028,0x3A321FE0)\VenMedia(BE74FCF7-0B7C-49F3-9147-01F4042E6842,3F929F2A3F20594998E5ABC9F0296841)) ...   - search volume 'D16455B1-F498-4408-BABC-16549CDAE465', but MediaPath '2A9F923F-203F-4959-98E5-ABC9F0296841' 
0:806  0:000  skipped because volume does not match
0:806  0:000      Checking volume "macOs Ventura - Dados" (PciRoot(0x0)\Pci(0x1D,0x4)\Pci(0x0,0x0)\NVMe(0x1,C6-2B-50-01-54-38-25-00)\HD(2,GPT,8E27CCBA-C102-43AE-92BE-2D610096F799,0x64028,0x3A321FE0)\VenMedia(BE74FCF7-0B7C-49F3-9147-01F4042E6842,08941D5FFA3B634A82E85380FEBDF63E)) ...   - search volume 'D16455B1-F498-4408-BABC-16549CDAE465', but MediaPath '5F1D9408-3BFA-4A63-82E8-5380FEBDF63E' 
0:807  0:000  skipped because volume does not match
0:807  0:000      Checking volume "Recovery" (PciRoot(0x0)\Pci(0x1D,0x4)\Pci(0x0,0x0)\NVMe(0x1,C6-2B-50-01-54-38-25-00)\HD(2,GPT,8E27CCBA-C102-43AE-92BE-2D610096F799,0x64028,0x3A321FE0)\VenMedia(BE74FCF7-0B7C-49F3-9147-01F4042E6842,CE78F2CD36541347A7BC73356DE2A5F7)) ... skipped because volume is hidden
0:807  0:000      Checking volume "macOs Ventura" (PciRoot(0x0)\Pci(0x1D,0x4)\Pci(0x0,0x0)\NVMe(0x1,C6-2B-50-01-54-38-25-00)\HD(2,GPT,8E27CCBA-C102-43AE-92BE-2D610096F799,0x64028,0x3A321FE0)\VenMedia(BE74FCF7-0B7C-49F3-9147-01F4042E6842,81C8410D048D644D8B478825B6442B46)) ...   - search volume 'D16455B1-F498-4408-BABC-16549CDAE465', but MediaPath '0D41C881-8D04-4D64-8B47-8825B6442B46' 
0:807  0:000  skipped because volume does not match
0:807  0:000      Checking volume "Update" (PciRoot(0x0)\Pci(0x1D,0x4)\Pci(0x0,0x0)\NVMe(0x1,C6-2B-50-01-54-38-25-00)\HD(2,GPT,8E27CCBA-C102-43AE-92BE-2D610096F799,0x64028,0x3A321FE0)\VenMedia(BE74FCF7-0B7C-49F3-9147-01F4042E6842,20CF08B86E184244BBEBC77EFC00EFB6)) ...   - search volume 'D16455B1-F498-4408-BABC-16549CDAE465', but MediaPath 'B808CF20-186E-4442-BBEB-C77EFC00EFB6' 
0:807  0:000  skipped because volume does not match
0:807  0:000      Checking volume "VM" (PciRoot(0x0)\Pci(0x1D,0x4)\Pci(0x0,0x0)\NVMe(0x1,C6-2B-50-01-54-38-25-00)\HD(2,GPT,8E27CCBA-C102-43AE-92BE-2D610096F799,0x64028,0x3A321FE0)\VenMedia(BE74FCF7-0B7C-49F3-9147-01F4042E6842,F4CB38E0A52841479B341BE286ABA1D7)) ...   - search volume 'D16455B1-F498-4408-BABC-16549CDAE465', but MediaPath 'E038CBF4-28A5-4741-9B34-1BE286ABA1D7' 
0:807  0:000  skipped because volume does not match
0:807  0:000  === [ ScanLoader ] ==============================
0:807  0:000  - [01]: 'EFI'
0:808  0:001  - [06]: 'EFI'
0:811  0:003  - [09]: 'EFI'
0:832  0:021  - [12]: 'EFI'
0:834  0:002        AddLoaderEntry for Volume Name=EFI, idx=1
0:835  0:000        OSVersion= 
0:835  0:000        IconName=unknown comma=-1 size=7
0:835  0:000        Full=unknown
0:835  0:000        Show badge as Drive.
0:835  0:000        Loader entry created for 'PciRoot(0x0)\Pci(0x1D,0x4)\Pci(0x0,0x0)\NVMe(0x1,C6-2B-50-01-54-38-25-00)\HD(1,GPT,04CEF5C5-C7B3-43F6-BF71-7BCA88768F0B,0x28,0x64000)\EFI\BOOT\BOOTX64.efi'
0:835  0:000        Menu entry added at index 1
0:835  0:000       hiding entry because DiskKind is DISK_KIND_INTERNAL: \EFI\BOOT\BOOTX64.efi
0:835  0:000  - [14]: 'Preboot'
0:835  0:000      ApfsContainerUUID=364E3DF6-9581-4401-97DD-BEAE1EA5930D
0:835  0:000      ApfsFileSystemUUID=1F11993B-3F7F-4002-932E-A43304119772
0:835  0:000      APFSTargetUUID=F9778621-27AE-460F-ADCF-8A33C0E92E97
0:835  0:000        contentDetails name:macOs Tahoe
0:835  0:000        AddLoaderEntry for Volume Name=Preboot, idx=2
0:835  0:000        OSVersion=26.2 
0:835  0:000        Check if volume Is Hibernated:
0:835  0:000        Check sleep image 'by signature':
0:836  0:000        using default sleep image name = \private\var\vm\sleepimage
0:836  0:000        cannot open sleepimage -> Not Found
0:836  0:000        hibernated: no - sign
0:836  0:000        IconName=tahoe,mac comma=5 size=9
0:836  0:000        first=os_tahoe
0:836  0:000        Show badge as Drive.
0:836  0:000        Loader entry created for 'PciRoot(0x0)\Pci(0x6,0x0)\Pci(0x0,0x0)\NVMe(0x1,A4-E5-08-4B-8B-44-1B-00)\HD(2,GPT,11D0FB56-D897-4243-935F-718E7EF2EDE1,0x64028,0x746A2D60)\VenMedia(BE74FCF7-0B7C-49F3-9147-01F4042E6842,3B99111F7F3F0240932EA43304119772)\F9778621-27AE-460F-ADCF-8A33C0E92E97\System\Library\CoreServices\boot.efi'
0:836  0:000        Menu entry added at index 2
0:837  0:000  - [15]: 'macOs Tahoe - Dados'
0:837  0:000      ApfsContainerUUID=364E3DF6-9581-4401-97DD-BEAE1EA5930D
0:837  0:000      ApfsFileSystemUUID=F9778621-27AE-460F-ADCF-8A33C0E92E97
0:837  0:000  - [16]: 'Recovery'
0:837  0:000      ApfsContainerUUID=364E3DF6-9581-4401-97DD-BEAE1EA5930D
0:837  0:000      ApfsFileSystemUUID=1999BC28-B7D1-4531-93AC-489DC8853B98
0:837  0:000      APFSTargetUUID=F9778621-27AE-460F-ADCF-8A33C0E92E97
0:837  0:000        contentDetails name:macOs Tahoe
0:837  0:000        AddLoaderEntry for Volume Name=Recovery, idx=3
0:837  0:000        OSVersion=26.2 
0:837  0:000        IconName=tahoe,mac comma=5 size=9
0:837  0:000        first=os_tahoe
0:837  0:000        Show badge as Drive.
0:837  0:000        Loader entry created for 'PciRoot(0x0)\Pci(0x6,0x0)\Pci(0x0,0x0)\NVMe(0x1,A4-E5-08-4B-8B-44-1B-00)\HD(2,GPT,11D0FB56-D897-4243-935F-718E7EF2EDE1,0x64028,0x746A2D60)\VenMedia(BE74FCF7-0B7C-49F3-9147-01F4042E6842,28BC9919D1B7314593AC489DC8853B98)\F9778621-27AE-460F-ADCF-8A33C0E92E97\BaseSystem.dmg'
0:837  0:000       hiding entry because volume is hidden: \F9778621-27AE-460F-ADCF-8A33C0E92E97\BaseSystem.dmg
0:838  0:000        Menu entry added at index 3
0:838  0:000  - [17]: 'macOs Tahoe'
0:838  0:000      ApfsContainerUUID=364E3DF6-9581-4401-97DD-BEAE1EA5930D
0:838  0:000      ApfsFileSystemUUID=8D0F37C2-C6FC-49FE-9CB9-7C7202876386
0:840  0:002  - [18]: 'Update'
0:840  0:000      ApfsContainerUUID=364E3DF6-9581-4401-97DD-BEAE1EA5930D
0:840  0:000      ApfsFileSystemUUID=7B311C3C-1048-4090-8540-9FEB16E181E6
0:840  0:000  - [19]: 'VM'
0:840  0:000      ApfsContainerUUID=364E3DF6-9581-4401-97DD-BEAE1EA5930D
0:840  0:000      ApfsFileSystemUUID=285A5E4D-A364-44A3-B90A-8306A5DA029A
0:840  0:000  - [20]: 'Preboot'
0:840  0:000      ApfsContainerUUID=161E60B5-99A1-4253-9438-DE44679A4189
0:840  0:000      ApfsFileSystemUUID=2A9F923F-203F-4959-98E5-ABC9F0296841
0:841  0:000      APFSTargetUUID=5F1D9408-3BFA-4A63-82E8-5380FEBDF63E
0:841  0:000        contentDetails name:macOs Ventura
0:841  0:000        AddLoaderEntry for Volume Name=Preboot, idx=4
0:841  0:000        skipped because path `PciRoot(0x0)\Pci(0x1D,0x4)\Pci(0x0,0x0)\NVMe(0x1,C6-2B-50-01-54-38-25-00)\HD(2,GPT,8E27CCBA-C102-43AE-92BE-2D610096F799,0x64028,0x3A321FE0)\VenMedia(BE74FCF7-0B7C-49F3-9147-01F4042E6842,3F929F2A3F20594998E5ABC9F0296841)\5F1D9408-3BFA-4A63-82E8-5380FEBDF63E\System\Library\CoreServices\boot.efi` already exists for another entry!
0:841  0:000  - [21]: 'macOs Ventura - Dados'
0:841  0:000      ApfsContainerUUID=161E60B5-99A1-4253-9438-DE44679A4189
0:841  0:000      ApfsFileSystemUUID=5F1D9408-3BFA-4A63-82E8-5380FEBDF63E
0:841  0:000  - [22]: 'Recovery'
0:841  0:000      ApfsContainerUUID=161E60B5-99A1-4253-9438-DE44679A4189
0:841  0:000      ApfsFileSystemUUID=CDF278CE-5436-4713-A7BC-73356DE2A5F7
0:841  0:000      APFSTargetUUID=5F1D9408-3BFA-4A63-82E8-5380FEBDF63E
0:841  0:000        contentDetails name:macOs Ventura
0:842  0:000        AddLoaderEntry for Volume Name=Recovery, idx=4
0:842  0:000        OSVersion=13.7.8 
0:842  0:000        IconName=ventura,mac comma=7 size=11
0:842  0:000        first=os_ventura
0:842  0:000        Show badge as Drive.
0:842  0:000        Loader entry created for 'PciRoot(0x0)\Pci(0x1D,0x4)\Pci(0x0,0x0)\NVMe(0x1,C6-2B-50-01-54-38-25-00)\HD(2,GPT,8E27CCBA-C102-43AE-92BE-2D610096F799,0x64028,0x3A321FE0)\VenMedia(BE74FCF7-0B7C-49F3-9147-01F4042E6842,CE78F2CD36541347A7BC73356DE2A5F7)\5F1D9408-3BFA-4A63-82E8-5380FEBDF63E\BaseSystem.dmg'
0:842  0:000       hiding entry because volume is hidden: \5F1D9408-3BFA-4A63-82E8-5380FEBDF63E\BaseSystem.dmg
0:843  0:000        Menu entry added at index 4
0:843  0:000  - [23]: 'macOs Ventura'
0:843  0:000      ApfsContainerUUID=161E60B5-99A1-4253-9438-DE44679A4189
0:843  0:000      ApfsFileSystemUUID=0D41C881-8D04-4D64-8B47-8825B6442B46
0:847  0:003  - [24]: 'Update'
0:847  0:000      ApfsContainerUUID=161E60B5-99A1-4253-9438-DE44679A4189
0:847  0:000      ApfsFileSystemUUID=B808CF20-186E-4442-BBEB-C77EFC00EFB6
0:847  0:000  - [25]: 'VM'
0:847  0:000      ApfsContainerUUID=161E60B5-99A1-4253-9438-DE44679A4189
0:847  0:000      ApfsFileSystemUUID=E038CBF4-28A5-4741-9B34-1BE286ABA1D7
0:847  0:000  Entries list before ordering
0:847  0:000      Entry 0 : macOs Ventura
0:847  0:000      Entry 1 : Boot UEFI internal from EFI (hidden)
0:847  0:000      Entry 2 : Boot Mac OS from macOs Tahoe via Preboot
0:847  0:000      Entry 3 : Boot Mac OS Recovery for macOs Tahoe via Recovery (hidden)
0:847  0:000      Entry 4 : Boot Mac OS Recovery for macOs Ventura via Recovery (hidden)
0:847  0:000  Move recovery entry 4 after preboot 0
0:847  0:000  Entries list after ordering
0:847  0:000    Entry 0 : macOs Ventura
0:847  0:000    Entry 1 : Boot Mac OS Recovery for macOs Ventura via Recovery (hidden)
0:847  0:000    Entry 2 : Boot UEFI internal from EFI (hidden)
0:847  0:000    Entry 3 : Boot Mac OS from macOs Tahoe via Preboot
0:847  0:000    Entry 4 : Boot Mac OS Recovery for macOs Tahoe via Recovery (hidden)
0:847  0:000  === [ AddCustomTool ] ===========================
0:847  0:000  found tool \EFI\CLOVER\tools\Shell64U.efi
0:847  0:000  Checking EFI partition Volume 1 for Clover
0:847  0:000   Found Clover
0:848  0:000  === [ GetEfiBootDeviceFromNvram ] ===============
0:848  0:000  Got efi-boot-device-data size=276
0:848  0:000   - efi-boot-device-data: PciRoot(0x0)\Pci(0x6,0x0)\Pci(0x0,0x0)\NVMe(0x1,A4-E5-08-4B-8B-44-1B-00)\HD(2,GPT,11D0FB56-D897-4243-935F-718E7EF2EDE1,0x64028,0x746A2D60)\VenMedia(BE74FCF7-0B7C-49F3-9147-01F4042E6842,3B99111F7F3F0240932EA43304119772)\F9778621-27AE-460F-ADCF-8A33C0E92E97\System\Library\CoreServices\boot.efi
0:848  0:000    - Volume: 'PciRoot(0x0)\Pci(0x6,0x0)\Pci(0x0,0x0)\NVMe(0x1,A4-E5-08-4B-8B-44-1B-00)\HD(2,GPT,11D0FB56-D897-4243-935F-718E7EF2EDE1,0x64028,0x746A2D60)\VenMedia(BE74FCF7-0B7C-49F3-9147-01F4042E6842,3B99111F7F3F0240932EA43304119772)'
0:848  0:000    - LoaderPath: '\F9778621-27AE-460F-ADCF-8A33C0E92E97\System\Library\CoreServices\boot.efi'
0:848  0:000    - Guid = 11D0FB56-D897-4243-935F-718E7EF2EDE1
0:848  0:000  === [ FindStartupDiskVolume ] ===================
0:848  0:000    - Volume: partition = PciRoot(0x0)\Pci(0x6,0x0)\Pci(0x0,0x0)\NVMe(0x1,A4-E5-08-4B-8B-44-1B-00)\HD(2,GPT,11D0FB56-D897-4243-935F-718E7EF2EDE1,0x64028,0x746A2D60)\VenMedia(BE74FCF7-0B7C-49F3-9147-01F4042E6842,3B99111F7F3F0240932EA43304119772)
0:848  0:000     - searching for that partition and loader '\F9778621-27AE-460F-ADCF-8A33C0E92E97\System\Library\CoreServices\boot.efi'
0:848  0:000    checking 'PciRoot(0x0)/Pci(0x6,0x0)/Pci(0x0,0x0)/NVMe(0x1,A4-E5-08-4B-8B-44-1B-00)/HD(2,GPT,11D0FB56-D897-4243-935F-718E7EF2EDE1,0x64028,0x746A2D60)/VenMedia(BE74FCF7-0B7C-49F3-9147-01F4042E6842,3B99111F7F3F0240932EA43304119772)'
0:848  0:000     '\F9778621-27AE-460F-ADCF-8A33C0E92E97\System\Library\CoreServices\boot.efi'
0:848  0:000      - found entry 1. 'Boot Mac OS from macOs Tahoe via Preboot', Volume 'Preboot', '\F9778621-27AE-460F-ADCF-8A33C0E92E97\System\Library\CoreServices\boot.efi'
0:848  0:000  Boot redirected to Entry 1. 'Boot Mac OS from macOs Tahoe via Preboot'
0:848  0:000  BannerPlace at Clear Screen [1656,404]
1:494  0:646  GUI ready
24:920  23:425  Boot option Boot0000 not found
24:920  0:000  === [ StartLoader ] =============================
24:920  0:000  Starting PciRoot(0x0)\Pci(0x6,0x0)\Pci(0x0,0x0)\NVMe(0x1,A4-E5-08-4B-8B-44-1B-00)\HD(2,GPT,11D0FB56-D897-4243-935F-718E7EF2EDE1,0x64028,0x746A2D60)\VenMedia(BE74FCF7-0B7C-49F3-9147-01F4042E6842,3B99111F7F3F0240932EA43304119772)\F9778621-27AE-460F-ADCF-8A33C0E92E97\System\Library\CoreServices\boot.efi
24:920  0:000  Finally: ExternalClock=25MHz BusSpeed=99842kHz CPUFreq=2995MHz PIS: hw.busfrequency=100000000Hz
24:920  0:000  Beginning OC
24:920  0:000  OCST: Missing vault data, ignoring...
24:920  0:000  AddKextsInArray from Other
24:920  0:000  ->Extra kext: Other\Lilu.kext (v.1.7.2)
24:920  0:000  ->Extra kext: Other\CryptexFixup.kext (v.1.0.5)
24:920  0:000  ->Extra kext: Other\HibernationFixup.kext (v.1.5.4)
24:920  0:000  ->Extra kext: Other\AMFIPass.kext (v.1.4.1)
24:920  0:000  ->Extra kext: Other\itlwm.kext (v.2.4.0)
24:920  0:000  ->Extra kext: Other\AirPortUtility.kext (v.1)
24:920  0:000  ->Extra kext: Other\AppleALC.kext (v.1.9.6)
24:920  0:000  ->Extra kext: Other\RestrictEvents.kext (v.1.1.6)
24:920  0:000  ->Extra kext: Other\NVMeFix.kext (v.1.1.3)
24:920  0:000  ->Extra kext: Other\ITEIT87x.kext (v.1.0.7)
24:920  0:000  ->Extra kext: Other\CpuTopologyRebuild.kext (v.2.0.2)
24:920  0:000  ->Extra kext: Other\RTCMemoryFixup.kext (v.1.0.8)
24:920  0:000  ->Extra kext: Other\USBWakeFixup.kext (v.1)
24:920  0:000  ->Extra kext: Other\USBMap.kext (v.1.0)
24:920  0:000  ->Extra kext: Other\FeatureUnlock.kext (v.1.1.8)
24:920  0:000  ->Extra kext: Other\IntelCPUMonitor.kext (v.1.2.6)
24:920  0:000  ->Extra kext: Other\NootRX.kext (v.1.0.0)
24:920  0:000  ->Extra kext: Other\LGUltraWide.kext (v.9.9.9)
24:920  0:000  ->Extra kext: Other\LucyRTL8125Ethernet.kext (v.1.2.2)
24:920  0:000  ->Extra kext: Other\FakeSMC.kext (v.3.5.6)
24:920  0:000  ->Extra kext: Other\ACPIMonitor.kext (v.1.0.3)
24:920  0:000  ->Extra kext: Other\RadeonMonitor.kext (v.1.3.5)
24:920  0:000  GetOtherKextsDir(false) return NULL
24:920  0:000  AddKextsInArray from 26
24:920  0:000  AddKextsInArray from 26_normal
24:920  0:000  AddKextsInArray from 26.2
24:920  0:000  AddKextsInArray from 26.2_normal
24:920  0:000  AddKextsInArray from 26.2.0
24:920  0:000  AddKextsInArray from 26.2.0_normal
24:921  0:000  Bridge kext to OC : Path=Other\Lilu.kext
24:921  0:000  Bridge kext to OC : Path=Other\FakeSMC.kext
24:922  0:000  Bridge kext to OC : Path=Other\AppleALC.kext
24:939  0:017  Bridge kext to OC : Path=Other\CryptexFixup.kext
24:940  0:000  Bridge kext to OC : Path=Other\HibernationFixup.kext
24:941  0:000  Bridge kext to OC : Path=Other\AMFIPass.kext
24:941  0:000  Bridge kext to OC : Path=Other\itlwm.kext
24:942  0:000  Bridge kext to OC : Path=Other\AirPortUtility.kext
24:943  0:000  Bridge kext to OC : Path=Other\RestrictEvents.kext
24:944  0:000  Bridge kext to OC : Path=Other\NVMeFix.kext
24:944  0:000  Bridge kext to OC : Path=Other\ITEIT87x.kext
24:949  0:004  Bridge kext to OC : Path=Other\CpuTopologyRebuild.kext
24:950  0:000  Bridge kext to OC : Path=Other\RTCMemoryFixup.kext
24:951  0:000  Bridge kext to OC : Path=Other\USBWakeFixup.kext
24:951  0:000  Bridge kext to OC : Path=Other\USBMap.kext
24:952  0:000  Bridge kext to OC : Path=Other\FeatureUnlock.kext
24:953  0:000  Bridge kext to OC : Path=Other\IntelCPUMonitor.kext
24:953  0:000  Bridge kext to OC : Path=Other\NootRX.kext
24:954  0:000  Bridge kext to OC : Path=Other\LGUltraWide.kext
24:954  0:000  Bridge kext to OC : Path=Other\LucyRTL8125Ethernet.kext
24:955  0:000  Bridge kext to OC : Path=Other\ACPIMonitor.kext
24:956  0:000  Bridge kext to OC : Path=Other\RadeonMonitor.kext
24:961  0:004  Start 'OpenRuntime.efi' : Status Success
24:961  0:000  OC: OcMiscEarlyInit...
24:961  0:000  OC: config config.plist
24:961  0:000  OC: Got 0 drivers
24:961  0:000  OC: OpenCore DBG-102-2025-12-13 is loading in Optional mode (0/0)...
24:961  0:000  OC: OcMiscEarlyInit=Success
24:961  0:000  OC: OcMiscMiddleInit...
24:961  0:000  OC: StorageHandle 0 with  LauncherOption pointing to 
24:961  0:000  OC: OcLoadUefiSupport...
24:961  0:000  OcOSInfoInstallProtocol
24:961  0:000  OCRTC: OcAppleRtcRamInstallProtocol
24:961  0:000  OCRTC: Wake log is 0x0F 0x14  23 0x08
24:962  0:000  OcAppleFbInfoInstallProtocol
24:962  0:000  OcAppleEg2InfoInstallProtocol
24:962  0:000  OC: Loading Apple Secure Boot with Disabled (level 0)
24:962  0:000  OCABC: ALRBL 0 RTDFRG 1 DEVMMIO 1 NOSU 0 NOVRWR 0 NOSB 0 FBSIG 0 NOHBMAP 0 SMSLIDE 1 WRUNPROT 1
24:962  0:000  OCABC: FEXITBS 0 PRMRG 0 CSLIDE 1 MSLIDE 0 PRSRV 1 RBMAP 0 VMAP 1 APPLOS 0 RTPERMS 1 ARBAR -1 RBIO 0
24:962  0:000  OCABC: Got rendezvous with OpenRuntime r12
24:962  0:000  OCABC: MAT support is 1
24:962  0:000  OC: RequestBootVarRouting 0
24:962  0:000  OCDM: Found 0x20050/0x20050 UEFI version (376 bytes, 0 rebuilding to 376) gST 39F65018 gBS 2B40DF00 gBS->CreateEventEx 2B4002B0 &gBS 26DEF5C0
24:962  0:000  OC: Setting GPU BARs to 0
24:962  0:000  OCDM: RBAR using PciIo
24:962  0:000  OCDM: Setting RBAR to 0 inc 1 on 5/36
24:962  0:000  OCDM: Found CAP 0x15 at 0x200
24:962  0:000  OCDM: RBAR control is 840, total 2 - Success
24:962  0:000  OCDM: Old BAR 4000000C 00000000 5000000C 00000000 00006001 53100000 - Success
24:962  0:000  OCDM: RBAR 1/2 supports 0x7F00, sizing 0 inc 1 results setting from 8 to 8
24:962  0:000  OCDM: RBAR 2/2 supports 0x1FE, sizing 0 inc 1 results setting from 1 to 1
24:963  0:000  OC: Got 0 drivers
24:963  0:000  OCC: GOP exists on ConsoleOutHandle and has 8 modes
24:963  0:000  OC: Requested resolution is 3440x1440@0 (max: 0, force: 0) from 3440x1440
24:963  0:000  OCC: Using builtin text renderer with 1 scale
24:963  0:000  OCC: Install console control (26DD8E70/2B3F70A8/0), current - Success
24:963  0:000  OCC: Setup ASCII Output - Success
24:963  0:000  OC: Requested console mode is 0x0 (max: 0) from 
24:963  0:000  OC: OcMiscLateInit...
24:963  0:000  OC: Invalid HibernateMode: 
24:963  0:000  OC: Translated HibernateMode  to 0
24:963  0:000  OC: Hibernation activation - Invalid Parameter, hibernation wake - no
24:963  0:000  OC: OcLoadKernelSupport...
24:963  0:000  OC: All green, starting boot management...
24:963  0:000  OCABC: IsEfiBootRt 0 (BP 1, Apple 0)
24:964  0:000  OCB: Arch filtering 2F19F018(723512)->2F19F018(723512) caps 0 - Success
24:970  0:006  ImageHandle = 2f6ea298
24:981  0:010  GetOSVersion: 26.2 (t)
24:981  0:000  Filtering KextPatches:
24:981  0:000   - [00]: Disable FileVault :: BinPatch :: [OS: 26.2 | MatchOS: 26.x | MatchBuild: All]
24:981  0:000   check MatchOS 26.x
24:981  0:000   ==> allowed
24:981  0:000  Will not patch boot.efi
24:981  0:000  Using latest BiosVersion from config instead of default 'MP71.88Z.F000.B00.2303040336'
24:981  0:000  Using latest BiosReleaseDate from config instead of default '03/04/2023'
24:981  0:000  Using latest EfiVersion from config instead of default '1968.100.17.0.0'
24:981  0:000  BiosVersion: MP71.88Z.F000.B00.2310052024
24:981  0:000  BiosReleaseDate: 10/05/2023
24:981  0:000  EfiVersion: 2020.41.1.0.0
24:981  0:000  SMBIOS reloaded with model MacPro7,1
24:981  0:000  boardID from config: 
24:981  0:000  boardID from gSettings: Mac-27AD2F918AE68F61
24:981  0:000  chosen SMBIOS auto
24:981  0:000  Set FakeCPUID: 0x706E5
24:981  0:000  Bridge com.apple.filesystems.apfs patch to OC : Disable FileVault
24:981  0:000  === [ PatchSmbios ] =============================
24:981  0:000  UpdateSmbiosString : BiosVersion=EfiVersion=2020.41.1.0.0
24:981  0:000  UpdateSmbiosString : ReleaseDate=10/05/2023
24:981  0:000  void PatchTableType1(const SmbiosInjectedSettings&) : UpdateSmbiosString ProductName=MacPro7,1
24:981  0:000  void PatchTableType2(const SmbiosInjectedSettings&) : UpdateSmbiosString ProductName=BoardNumber=Mac-27AD2F918AE68F61
24:981  0:000  void PatchTableType2(const SmbiosInjectedSettings&) : UpdateSmbiosString Version=BoardVersion=MacPro7,1
24:981  0:000  insert table 9 for dev 0:0
24:981  0:000  insert table 9 for dev 0:1
24:981  0:000  insert table 9 for dev 0:0
24:981  0:000  insert table 9 for dev 14:3
24:981  0:000  Table 11 present, but rewritten for us
24:982  0:000  Do not inject memory table
24:982  0:000  Trusting SMBIOS...
24:982  0:000  Detected alternating SMBIOS channel banks
24:982  0:000  Channels: 4
24:982  0:000  Interleave: 0 2 4 6
24:982  0:000  trusted SMBIOS data, table index 0:
24:982  0:000    gRAM.SMBIOS[0]->ModuleSize = 16384
24:982  0:000    gRAM.SMBIOS[0]->Type = 0
24:982  0:000    gRAM.SMBIOS[0]->Frequency = 0
24:982  0:000    gRAM.SMBIOS[0]->Vendor = Kingston
24:982  0:000    gRAM.SMBIOS[0]->PartNo = KF560C40-16
24:982  0:000    gRAM.SMBIOS[0]->SerialNo = CE108C1C
24:982  0:000    Type17->Manufacturer corrected by SMBIOS from NoName to Kingston
24:982  0:000    SMBIOS Type 17 Index = 0 => SMBIOSIndex=0 SPDIndex=0:
24:982  0:000   DIMM1 6000MHz 16384MB(Ext:0MB)
24:982  0:000  trusted SMBIOS data, table index 1:
24:982  0:000    gRAM.SMBIOS[1]->ModuleSize = 16384
24:982  0:000    gRAM.SMBIOS[1]->Type = 0
24:982  0:000    gRAM.SMBIOS[1]->Frequency = 0
24:982  0:000    gRAM.SMBIOS[1]->Vendor = Kingston
24:982  0:000    gRAM.SMBIOS[1]->PartNo = KF560C40-16
24:982  0:000    gRAM.SMBIOS[1]->SerialNo = 2A2E4154
24:982  0:000    Type17->Manufacturer corrected by SMBIOS from NoName to Kingston
24:982  0:000    SMBIOS Type 17 Index = 1 => SMBIOSIndex=1 SPDIndex=2:
24:982  0:000   DIMM2 6000MHz 16384MB(Ext:0MB)
24:982  0:000  trusted SMBIOS data, table index 2:
24:982  0:000    gRAM.SMBIOS[2]->ModuleSize = 16384
24:982  0:000    gRAM.SMBIOS[2]->Type = 0
24:982  0:000    gRAM.SMBIOS[2]->Frequency = 0
24:982  0:000    gRAM.SMBIOS[2]->Vendor = Kingston
24:982  0:000    gRAM.SMBIOS[2]->PartNo = KF560C40-16
24:982  0:000    gRAM.SMBIOS[2]->SerialNo = D4108C72
24:982  0:000    Type17->Manufacturer corrected by SMBIOS from NoName to Kingston
24:982  0:000    SMBIOS Type 17 Index = 2 => SMBIOSIndex=2 SPDIndex=4:
24:982  0:000   DIMM3 6000MHz 16384MB(Ext:0MB)
24:982  0:000  trusted SMBIOS data, table index 3:
24:982  0:000    gRAM.SMBIOS[3]->ModuleSize = 16384
24:982  0:000    gRAM.SMBIOS[3]->Type = 0
24:982  0:000    gRAM.SMBIOS[3]->Frequency = 0
24:982  0:000    gRAM.SMBIOS[3]->Vendor = Kingston
24:982  0:000    gRAM.SMBIOS[3]->PartNo = KF560C40-16
24:982  0:000    gRAM.SMBIOS[3]->SerialNo = E5375D86
24:982  0:000    Type17->Manufacturer corrected by SMBIOS from NoName to Kingston
24:982  0:000    SMBIOS Type 17 Index = 3 => SMBIOSIndex=3 SPDIndex=6:
24:982  0:000   DIMM4 6000MHz 16384MB(Ext:0MB)
24:982  0:000  mTotalSystemMemory = 65536
24:982  0:000  NumberOfMemoryDevices = 4
24:982  0:000  Type20[0]->End = 0xFFFFFF, Type17[0] = 4000
24:982  0:000  Type20[1]->End = 0x1FFFFFF, Type17[1] = C000
24:982  0:000  Type20[2]->End = 0x2FFFFFF, Type17[2] = 18000
24:982  0:000  Table 131 is present, CPUType=35
24:982  0:000  Change to: F01
24:982  0:000  Table 133 is present, PlatformFeature=410A924D7895B4F9
24:982  0:000  Change to: 0
24:982  0:000  === [ PatchACPI ] ===============================
24:982  0:000  OCABC: AllocPages 1 0x387EF000 (1) - Success
24:982  0:000  Xsdt reallocation done
24:982  0:000  OCABC: AllocPages 1 0x387EE000 (1) - Success
24:982  0:000  old FADT length=114
24:982  0:000   SignatureFixup: 0x374DFFD1 -> 0x0
24:982  0:000  OCABC: AllocPages 1 0x26BE7000 (154) - Success
24:982  0:000  Apply DsdtFixMask=0x40400400
24:982  0:000  === [ FixBiosDsdt ] =============================
24:983  0:000  Patching DSDT:
24:983  0:000   - [Rename XHCI to XHC_]: pattern 58484349, patched at: [124C, 12, 12, 16, 16, 16, 186E, 2D5, 2A34, 1E5A, 2A, 1A, 34, 1A, 1A, 1A, 2A, 2A, 1A, 34, 1A, 1A, 1A, 6A6D, 37, 37, 37, B7, 43, 37, 37, 37, B7, 35, 2D57, 56, 8F, 1F, 41, 1F, 15, 1F, 47, 25, E, 1D, 25, 12, 19, 25, 12, 23, 192, 3C42, 32, CB07, 10, 679, 10, 45FD3, 2038, D, A2, D, 1E75, 53D, 990, 3E, 3E, 3E, BE, 3A18, 3D, 3D, 3D, 3244, 23, 23, 23, 79F2, 1B, 24, 1B, 24, 1B, 24, 1B, 23D, 33, 3F, 33, 3F, 33, 3F, 33, 69, 3A, 3A, 3A, 10B, B8, 189, 189, 189]
24:983  0:000   - [core/thread count = 24 for 8P+8E Core i9]: pattern B9350000, bin not found / already patched!
24:984  0:000   - [RTC._STA Rename]: pattern 79001415, patched at: [877B3]
24:984  0:000   - [TIMR IRQ 0]: pattern 22010079, patched at: [877F5]
24:984  0:000   - [IPIC IRQ 2]: pattern 22040079, patched at: [876C4]
24:985  0:000   - [RTC IRQ 8]: pattern 22000179, patched at: [877B0]
24:985  0:000   - [GPRW to XPRW]: pattern 47505257, patched at: [F40A, 1F3D, 122, 9, 983, 8A, 347C, 920, 631, 631, 631, 632, 632, 632, 632, 631, 632, 632, 632, 632, 632, 632, 632, 631, 632, 632, 632, 632, 632, 632, 632, 63C, 632, 632, 632, 2596, 62696, 1D, D, 2F, 25, D, 2E, D, 2F, 1E, D, 6E, 1E, D, 19, 1F, 1E, D, 2E, D, 2F, 25, D, 2F, 1F, 1E, D, 4C, 1F, 1F, 1F, 1E, D, 2F, 1E, D, 1C, 1C, 4C, D, 1C, 1C, 1C, 39, 1C, 1C, 1C, 4C, 1E, D, 1C, 1C, 1C, 39, 1F, 1F, 1E, D, 1C, 1C, 1C]
24:986  0:000   - [Name6D-03 to 00]: pattern 0A6D0A03, bin not found / already patched!
24:986  0:000   - [Name6D-04 to 00]: pattern 0A6D0A04, patched at: [1134F, 12F, 983, 8A, 347C]
24:986  0:000   - [ADBG to XDBG]: pattern 43031419, bin not found / already patched!
24:987  0:000   - [_WAK to ZWAK(1,S)]: pattern 5F57414B, bin not found / already patched!
24:987  0:000   - [_WAK to ZWAK(1,N)]: pattern 5F57414B, patched at: [D36E]
24:988  0:000   - [_PTS to ZPTS(1,S)]: pattern 5F505453, bin not found / already patched!
24:988  0:000   - [_PTS to ZPTS(1,N)]: pattern 5F505453, patched at: [D302]
24:990  0:001   deleting device CRT_
24:999  0:009   deleting device DVI_
25:008  0:008   deleting device SPKR
25:017  0:008   deleting device ECP_
25:026  0:008   deleting device LPT_
25:035  0:008   deleting device FDC0
25:043  0:008   deleting device ECP1
25:052  0:008   deleting device LPT1
25:061  0:008   deleting device FDC_
25:070  0:008  Start Mutex Fix
25:070  0:000  PreCleanup XSDT: count=32, length=292
25:070  0:000  PreCleanup XSDT, corrected XSDT: count=32, length=292
25:070  0:000  === [ ACPIPatchedAML ] ==========================
25:070  0:000  AutoMerge pass 1
25:070  0:000  Unsorted
25:070  0:000  Inserting SSDT-UIAC.aml from \EFI\CLOVER\ACPI\patched: ignore on pass 1
25:070  0:000  Inserting SSDT-USBTAHOE2.aml from \EFI\CLOVER\ACPI\patched: ignore on pass 1
25:070  0:000  Inserting SSDT-GPRW.aml from \EFI\CLOVER\ACPI\patched: ignore on pass 1
25:070  0:000  Inserting SSDT-EC.aml from \EFI\CLOVER\ACPI\patched: ignore on pass 1
25:070  0:000  Inserting SSDT-HPET.aml from \EFI\CLOVER\ACPI\patched: ignore on pass 1
25:070  0:000  Inserting SSDT-xh_rps14.aml from \EFI\CLOVER\ACPI\patched: ignore on pass 1
25:070  0:000  Inserting SSDT-USBX.aml from \EFI\CLOVER\ACPI\patched: ignore on pass 1
25:070  0:000  Inserting DMAR.aml from \EFI\CLOVER\ACPI\patched: size=104 OCABC: AllocPages 1 0x387ED000 (1) - Success
@21 ... Success
25:070  0:000  Inserting SSDT-PRW.aml from \EFI\CLOVER\ACPI\patched: ignore on pass 1
25:070  0:000  Inserting SSDT-USBW.aml from \EFI\CLOVER\ACPI\patched: ignore on pass 1
25:070  0:000  Inserting SSDT-ALC-Raptor.aml from \EFI\CLOVER\ACPI\patched: ignore on pass 1
25:070  0:000  Inserting SSDT-PLUG.aml from \EFI\CLOVER\ACPI\patched: ignore on pass 1
25:070  0:000  Inserting SSDT-SBUS-MCHC.aml from \EFI\CLOVER\ACPI\patched: ignore on pass 1
25:070  0:000  Inserting SSDT-PMC.aml from \EFI\CLOVER\ACPI\patched: ignore on pass 1
25:070  0:000  Inserting SSDT-BRG0.aml from \EFI\CLOVER\ACPI\patched: ignore on pass 1
25:070  0:000  Inserting SSDT-RTCAWAC.aml from \EFI\CLOVER\ACPI\patched: ignore on pass 1
25:070  0:000  Inserting SSDT-Sbus-PC00.aml from \EFI\CLOVER\ACPI\patched: ignore on pass 1
25:070  0:000  === [ ACPIDropTables ] ==========================
25:070  0:000  Drop tables from XSDT, SIGN=SSDT TableID=xh_rps14 Length=6650
25:070  0:000   Table[23]: SSDT  xh_rps14  6650 dropped
25:070  0:000  OCABC: AllocPages 1 0x387EB000 (2) - Success
25:070  0:000  OCABC: AllocPages 1 0x387E0000 (13) - Success
25:070  0:000  Patching SSDTs: 14 patches each
25:070  0:000   pattern 58484349, bin not found / already patched!
25:070  0:000   pattern B9350000, bin not found / already patched!
25:070  0:000   pattern 79001415, bin not found / already patched!
25:070  0:000   pattern 22010079, bin not found / already patched!
25:070  0:000   pattern 22040079, bin not found / already patched!
25:070  0:000   pattern 22000179, bin not found / already patched!
25:070  0:000   pattern 47505257, bin not found / already patched!
25:070  0:000   pattern 0A6D0A03, bin not found / already patched!
25:071  0:000   pattern 0A6D0A04, bin not found / already patched!
25:071  0:000   pattern 43031419, bin not found / already patched!
25:071  0:000   pattern 5F57414B, bin not found / already patched!
25:071  0:000   pattern 5F57414B, bin not found / already patched!
25:071  0:000   pattern 5F505453, bin not found / already patched!
25:071  0:000   pattern 5F505453, bin not found / already patched!
25:071  0:000  Found OperationRegion(GGGT, SystemMemory, 38BA4B18, ...)
25:071  0:000  OCABC: AllocPages 1 0x387DE000 (2) - Success
25:071  0:000  OCABC: AllocPages 1 0x387DB000 (5) - Success
25:071  0:000  Patching SSDTs: 14 patches each
25:071  0:000   pattern 58484349, bin not found / already patched!
25:071  0:000   pattern B9350000, bin not found / already patched!
25:071  0:000   pattern 79001415, bin not found / already patched!
25:071  0:000   pattern 22010079, bin not found / already patched!
25:071  0:000   pattern 22040079, bin not found / already patched!
25:071  0:000   pattern 22000179, bin not found / already patched!
25:071  0:000   pattern 47505257, bin not found / already patched!
25:071  0:000   pattern 0A6D0A03, bin not found / already patched!
25:071  0:000   pattern 0A6D0A04, bin not found / already patched!
25:071  0:000   pattern 43031419, bin not found / already patched!
25:071  0:000   pattern 5F57414B, bin not found / already patched!
25:071  0:000   pattern 5F57414B, bin not found / already patched!
25:071  0:000   pattern 5F505453, bin not found / already patched!
25:071  0:000   pattern 5F505453, bin not found / already patched!
25:071  0:000  Found OperationRegion(DTNV, SystemMemory, 38AA0000, ...)
25:071  0:000  OCABC: AllocPages 1 0x387D9000 (2) - Success
25:071  0:000  Patching SSDTs: 14 patches each
25:071  0:000   pattern 58484349, bin not found / already patched!
25:071  0:000   pattern B9350000, bin not found / already patched!
25:071  0:000   pattern 79001415, bin not found / already patched!
25:071  0:000   pattern 22010079, bin not found / already patched!
25:071  0:000   pattern 22040079, bin not found / already patched!
25:071  0:000   pattern 22000179, bin not found / already patched!
25:071  0:000   pattern 47505257, bin not found / already patched!
25:071  0:000   pattern 0A6D0A03, bin not found / already patched!
25:071  0:000   pattern 0A6D0A04, bin not found / already patched!
25:071  0:000   pattern 43031419, bin not found / already patched!
25:071  0:000   pattern 5F57414B, bin not found / already patched!
25:071  0:000   pattern 5F57414B, bin not found / already patched!
25:071  0:000   pattern 5F505453, bin not found / already patched!
25:071  0:000   pattern 5F505453, bin not found / already patched!
25:071  0:000  OCABC: AllocPages 1 0x387D2000 (7) - Success
25:071  0:000  Patching SSDTs: 14 patches each
25:071  0:000   pattern 58484349, bin not found / already patched!
25:071  0:000   pattern B9350000, bin not found / already patched!
25:071  0:000   pattern 79001415, bin not found / already patched!
25:071  0:000   pattern 22010079, bin not found / already patched!
25:071  0:000   pattern 22040079, bin not found / already patched!
25:071  0:000   pattern 22000179, bin not found / already patched!
25:071  0:000   pattern 47505257, bin not found / already patched!
25:071  0:000   pattern 0A6D0A03, bin not found / already patched!
25:071  0:000   pattern 0A6D0A04, bin not found / already patched!
25:071  0:000   pattern 43031419, bin not found / already patched!
25:071  0:000   pattern 5F57414B, bin not found / already patched!
25:071  0:000   pattern 5F57414B, bin not found / already patched!
25:071  0:000   pattern 5F505453, bin not found / already patched!
25:071  0:000   pattern 5F505453, bin not found / already patched!
25:071  0:000  Found OperationRegion(PNVS, SystemMemory, 38AA1000, ...)
25:071  0:000  Found OperationRegion(BGNV, SystemMemory, FFFF0000, ...)
25:071  0:000  OCABC: AllocPages 1 0x387CE000 (4) - Success
25:071  0:000  Patching SSDTs: 14 patches each
25:071  0:000   pattern 58484349, bin not found / already patched!
25:071  0:000   pattern B9350000, bin not found / already patched!
25:071  0:000   pattern 79001415, bin not found / already patched!
25:071  0:000   pattern 22010079, bin not found / already patched!
25:071  0:000   pattern 22040079, bin not found / already patched!
25:071  0:000   pattern 22000179, bin not found / already patched!
25:071  0:000   pattern 47505257, patched at: [2D7, 11E, 11E, 11E, 655, 6BC, 6CA, 6D3, 302, 4A, 14B, 4A, 14B, 4A, 160]
25:071  0:000   pattern 0A6D0A03, bin not found / already patched!
25:071  0:000   pattern 0A6D0A04, bin not found / already patched!
25:071  0:000   pattern 43031419, bin not found / already patched!
25:071  0:000   pattern 5F57414B, bin not found / already patched!
25:071  0:000   pattern 5F57414B, bin not found / already patched!
25:071  0:000   pattern 5F505453, bin not found / already patched!
25:071  0:000   pattern 5F505453, bin not found / already patched!
25:071  0:000  OCABC: AllocPages 1 0x387C9000 (5) - Success
25:071  0:000  Patching SSDTs: 14 patches each
25:071  0:000   pattern 58484349, bin not found / already patched!
25:071  0:000   pattern B9350000, bin not found / already patched!
25:071  0:000   pattern 79001415, bin not found / already patched!
25:071  0:000   pattern 22010079, bin not found / already patched!
25:071  0:000   pattern 22040079, bin not found / already patched!
25:072  0:000   pattern 22000179, bin not found / already patched!
25:072  0:000   pattern 47505257, bin not found / already patched!
25:072  0:000   pattern 0A6D0A03, bin not found / already patched!
25:072  0:000   pattern 0A6D0A04, bin not found / already patched!
25:072  0:000   pattern 43031419, bin not found / already patched!
25:072  0:000   pattern 5F57414B, bin not found / already patched!
25:072  0:000   pattern 5F57414B, bin not found / already patched!
25:072  0:000   pattern 5F505453, bin not found / already patched!
25:072  0:000   pattern 5F505453, bin not found / already patched!
25:072  0:000  OCABC: AllocPages 1 0x387C7000 (2) - Success
25:072  0:000  OCABC: AllocPages 1 0x387C7000 (2) - Success
25:072  0:000  OCABC: AllocPages 1 0x387C7000 (2) - Success
25:072  0:000  OCABC: AllocPages 1 0x387BD000 (10) - Success
25:072  0:000  Patching SSDTs: 14 patches each
25:072  0:000   pattern 58484349, patched at: [10C2, 3A, 46, 12, 16, 16, 16, 4EA]
25:072  0:000   pattern B9350000, bin not found / already patched!
25:072  0:000   pattern 79001415, bin not found / already patched!
25:072  0:000   pattern 22010079, bin not found / already patched!
25:072  0:000   pattern 22040079, bin not found / already patched!
25:072  0:000   pattern 22000179, bin not found / already patched!
25:072  0:000   pattern 47505257, patched at: [11DE, 30F9, 5F5, 5F5, 5F5, 5F5, 5F5]
25:072  0:000   pattern 0A6D0A03, bin not found / already patched!
25:072  0:000   pattern 0A6D0A04, bin not found / already patched!
25:072  0:000   pattern 43031419, bin not found / already patched!
25:072  0:000   pattern 5F57414B, bin not found / already patched!
25:072  0:000   pattern 5F57414B, bin not found / already patched!
25:072  0:000   pattern 5F505453, bin not found / already patched!
25:072  0:000   pattern 5F505453, bin not found / already patched!
25:072  0:000  OCABC: AllocPages 1 0x387BA000 (3) - Success
25:072  0:000  Patching SSDTs: 14 patches each
25:072  0:000   pattern 58484349, bin not found / already patched!
25:072  0:000   pattern B9350000, bin not found / already patched!
25:072  0:000   pattern 79001415, bin not found / already patched!
25:072  0:000   pattern 22010079, bin not found / already patched!
25:072  0:000   pattern 22040079, bin not found / already patched!
25:072  0:000   pattern 22000179, bin not found / already patched!
25:072  0:000   pattern 47505257, bin not found / already patched!
25:072  0:000   pattern 0A6D0A03, bin not found / already patched!
25:072  0:000   pattern 0A6D0A04, bin not found / already patched!
25:072  0:000   pattern 43031419, bin not found / already patched!
25:072  0:000   pattern 5F57414B, bin not found / already patched!
25:072  0:000   pattern 5F57414B, bin not found / already patched!
25:072  0:000   pattern 5F505453, bin not found / already patched!
25:072  0:000   pattern 5F505453, bin not found / already patched!
25:072  0:000  OCABC: AllocPages 1 0x387B8000 (2) - Success
25:072  0:000  OCABC: AllocPages 1 0x387B8000 (2) - Success
25:072  0:000  OCABC: AllocPages 1 0x387B6000 (4) - Success
25:072  0:000  Patching SSDTs: 14 patches each
25:072  0:000   pattern 58484349, bin not found / already patched!
25:072  0:000   pattern B9350000, bin not found / already patched!
25:072  0:000   pattern 79001415, bin not found / already patched!
25:072  0:000   pattern 22010079, bin not found / already patched!
25:072  0:000   pattern 22040079, bin not found / already patched!
25:072  0:000   pattern 22000179, bin not found / already patched!
25:072  0:000   pattern 47505257, bin not found / already patched!
25:072  0:000   pattern 0A6D0A03, bin not found / already patched!
25:072  0:000   pattern 0A6D0A04, bin not found / already patched!
25:072  0:000   pattern 43031419, bin not found / already patched!
25:072  0:000   pattern 5F57414B, bin not found / already patched!
25:072  0:000   pattern 5F57414B, bin not found / already patched!
25:072  0:000   pattern 5F505453, bin not found / already patched!
25:072  0:000   pattern 5F505453, bin not found / already patched!
25:072  0:000  OCABC: AllocPages 1 0x387AB000 (11) - Success
25:072  0:000  Patching SSDTs: 14 patches each
25:072  0:000   pattern 58484349, patched at: [1695, 17, 19, 16, 24, 27, 1B, 1B, CEB, 17, 19, 16, 24, 27, 1B, 1B, CEF, 17, 19, 16, 24, 27, 1B, 1B, CF2, 17, 19, 16, 24, 27, 1B, 1B, CF2, 17, 19, 16, 24, 27, 1B, 1B, CF2, 17, 19, 16, 24, 27, 1B, 1B, CF2, 17, 19, 16, 24, 27, 1B, 1B, CF2, 17, 19, 16, 24, 27, 1B, 1B, CF2, 17, 19, 16, 24, 27, 1B, 1B]
25:072  0:000   pattern B9350000, bin not found / already patched!
25:072  0:000   pattern 79001415, bin not found / already patched!
25:072  0:000   pattern 22010079, bin not found / already patched!
25:072  0:000   pattern 22040079, bin not found / already patched!
25:072  0:000   pattern 22000179, bin not found / already patched!
25:072  0:000   pattern 47505257, bin not found / already patched!
25:072  0:000   pattern 0A6D0A03, bin not found / already patched!
25:073  0:000   pattern 0A6D0A04, bin not found / already patched!
25:073  0:000   pattern 43031419, bin not found / already patched!
25:073  0:000   pattern 5F57414B, bin not found / already patched!
25:073  0:000   pattern 5F57414B, bin not found / already patched!
25:073  0:000   pattern 5F505453, bin not found / already patched!
25:073  0:000   pattern 5F505453, bin not found / already patched!
25:073  0:000  OCABC: AllocPages 1 0x387A9000 (2) - Success
25:073  0:000  OCABC: AllocPages 1 0x387A9000 (2) - Success
25:073  0:000  OCABC: AllocPages 1 0x387A8000 (3) - Success
25:073  0:000  Patching SSDTs: 14 patches each
25:073  0:000   pattern 58484349, patched at: [656]
25:073  0:000   pattern B9350000, bin not found / already patched!
25:073  0:000   pattern 79001415, bin not found / already patched!
25:073  0:000   pattern 22010079, bin not found / already patched!
25:073  0:000   pattern 22040079, bin not found / already patched!
25:073  0:000   pattern 22000179, bin not found / already patched!
25:073  0:000   pattern 47505257, bin not found / already patched!
25:073  0:000   pattern 0A6D0A03, bin not found / already patched!
25:073  0:000   pattern 0A6D0A04, bin not found / already patched!
25:073  0:000   pattern 43031419, bin not found / already patched!
25:073  0:000   pattern 5F57414B, bin not found / already patched!
25:073  0:000   pattern 5F57414B, bin not found / already patched!
25:073  0:000   pattern 5F505453, bin not found / already patched!
25:073  0:000   pattern 5F505453, bin not found / already patched!
25:073  0:000  OCABC: AllocPages 1 0x387A6000 (2) - Success
25:073  0:000  OCABC: AllocPages 1 0x387A6000 (2) - Success
25:073  0:000  OCABC: AllocPages 1 0x387A3000 (5) - Success
25:073  0:000  Patching SSDTs: 14 patches each
25:073  0:000   pattern 58484349, patched at: [89A, 2DCD, C]
25:073  0:000   pattern B9350000, bin not found / already patched!
25:073  0:000   pattern 79001415, bin not found / already patched!
25:073  0:000   pattern 22010079, bin not found / already patched!
25:073  0:000   pattern 22040079, bin not found / already patched!
25:073  0:000   pattern 22000179, bin not found / already patched!
25:073  0:000   pattern 47505257, bin not found / already patched!
25:073  0:000   pattern 0A6D0A03, bin not found / already patched!
25:073  0:000   pattern 0A6D0A04, bin not found / already patched!
25:073  0:000   pattern 43031419, bin not found / already patched!
25:073  0:000   pattern 5F57414B, bin not found / already patched!
25:073  0:000   pattern 5F57414B, bin not found / already patched!
25:073  0:000   pattern 5F505453, bin not found / already patched!
25:073  0:000   pattern 5F505453, bin not found / already patched!
25:073  0:000  OCABC: AllocPages 1 0x3879E000 (5) - Success
25:073  0:000  Patching SSDTs: 14 patches each
25:073  0:000   pattern 58484349, bin not found / already patched!
25:073  0:000   pattern B9350000, bin not found / already patched!
25:073  0:000   pattern 79001415, bin not found / already patched!
25:073  0:000   pattern 22010079, bin not found / already patched!
25:073  0:000   pattern 22040079, bin not found / already patched!
25:073  0:000   pattern 22000179, bin not found / already patched!
25:073  0:000   pattern 47505257, bin not found / already patched!
25:073  0:000   pattern 0A6D0A03, bin not found / already patched!
25:073  0:000   pattern 0A6D0A04, bin not found / already patched!
25:073  0:000   pattern 43031419, bin not found / already patched!
25:073  0:000   pattern 5F57414B, bin not found / already patched!
25:073  0:000   pattern 5F57414B, bin not found / already patched!
25:073  0:000   pattern 5F505453, bin not found / already patched!
25:073  0:000   pattern 5F505453, bin not found / already patched!
25:073  0:000  OCABC: AllocPages 1 0x38792000 (12) - Success
25:073  0:000  OCABC: AllocPages 1 0x3879C000 (2) - Success
25:073  0:000  OCABC: AllocPages 1 0x3879C000 (2) - Success
25:073  0:000  OCABC: AllocPages 1 0x3879C000 (2) - Success
25:073  0:000  OCABC: AllocPages 1 0x3879C000 (2) - Success
25:073  0:000  OCABC: AllocPages 1 0x3879C000 (2) - Success
25:073  0:000  === [ ACPIPatchedAML ] ==========================
25:073  0:000  AutoMerge pass 2
25:073  0:000  Unsorted
25:073  0:000  Inserting SSDT-UIAC.aml from \EFI\CLOVER\ACPI\patched: size=752 OCABC: AllocPages 1 0x3879D000 (1) - Success
... Success
25:073  0:000  Inserting SSDT-USBTAHOE2.aml from \EFI\CLOVER\ACPI\patched: size=1520 OCABC: AllocPages 1 0x3879C000 (1) - Success
... Success
25:073  0:000  Inserting SSDT-GPRW.aml from \EFI\CLOVER\ACPI\patched: size=101 OCABC: AllocPages 1 0x3879B000 (1) - Success
... Success
25:074  0:000  Inserting SSDT-EC.aml from \EFI\CLOVER\ACPI\patched: size=125 OCABC: AllocPages 1 0x3879A000 (1) - Success
... Success
25:074  0:000  Inserting SSDT-HPET.aml from \EFI\CLOVER\ACPI\patched: size=318 OCABC: AllocPages 1 0x38799000 (1) - Success
... Success
25:074  0:000  Inserting SSDT-xh_rps14.aml from \EFI\CLOVER\ACPI\patched: size=5099 OCABC: AllocPages 1 0x38797000 (2) - Success
... Success
25:074  0:000  Inserting SSDT-USBX.aml from \EFI\CLOVER\ACPI\patched: size=210 OCABC: AllocPages 1 0x38796000 (1) - Success
... Success
25:074  0:000  Inserting SSDT-PRW.aml from \EFI\CLOVER\ACPI\patched: size=89 OCABC: AllocPages 1 0x38795000 (1) - Success
... Success
25:074  0:000  Inserting SSDT-USBW.aml from \EFI\CLOVER\ACPI\patched: size=150 OCABC: AllocPages 1 0x38794000 (1) - Success
... Success
25:074  0:000  Inserting SSDT-ALC-Raptor.aml from \EFI\CLOVER\ACPI\patched: size=134 OCABC: AllocPages 1 0x38793000 (1) - Success
... Success
25:074  0:000  Inserting SSDT-PLUG.aml from \EFI\CLOVER\ACPI\patched: size=2104 OCABC: AllocPages 1 0x38792000 (1) - Success
... Success
25:074  0:000  Inserting SSDT-SBUS-MCHC.aml from \EFI\CLOVER\ACPI\patched: size=232 OCABC: AllocPages 1 0x38791000 (1) - Success
... Success
25:075  0:000  Inserting SSDT-PMC.aml from \EFI\CLOVER\ACPI\patched: size=144 OCABC: AllocPages 1 0x38790000 (1) - Success
... Success
25:075  0:000  Inserting SSDT-BRG0.aml from \EFI\CLOVER\ACPI\patched: size=108 OCABC: AllocPages 1 0x3878F000 (1) - Success
... Success
25:075  0:000  Inserting SSDT-RTCAWAC.aml from \EFI\CLOVER\ACPI\patched: size=192 OCABC: AllocPages 1 0x3878E000 (1) - Success
... Success
25:075  0:000  Inserting SSDT-Sbus-PC00.aml from \EFI\CLOVER\ACPI\patched: size=306 OCABC: AllocPages 1 0x3878D000 (1) - Success
... Success
25:075  0:000  Out of control with CPU numbers
25:075  0:000  ApicCPUNum=32
25:075  0:000  Cleanup XSDT: count=48, length=420
25:075  0:000  corrected XSDT count=47, length=412
25:075  0:000  === [ RestSetup macOS ] =========================
25:075  0:000  EdidDiscovered size=128
25:075  0:000  --- Discovered EDID Table size:128
25:075  0:000  000  |  00  FF  FF  FF  FF  FF  FF  00  1E  6D
25:075  0:000  010  |  F6  76  71  0E  04  00  0B  1B  01  03
25:075  0:000  020  |  80  50  22  78  EA  CA  95  A6  55  4E
25:075  0:000  030  |  A1  26  0F  50  54  21  08  00  71  40
25:075  0:000  040  |  81  80  81  C0  A9  C0  B3  00  D1  C0
25:075  0:000  050  |  81  00  01  01  E7  7C  70  A0  D0  A0
25:075  0:000  060  |  29  50  30  20  3A  00  20  4F  31  00
25:075  0:000  070  |  00  1A  9D  67  70  A0  D0  A0  22  50
25:075  0:000  080  |  30  20  3A  00  20  4F  31  00  00  1A
25:075  0:000  090  |  00  00  00  FD  00  38  3D  1E  5A  20
25:075  0:000  100  |  00  0A  20  20  20  20  20  20  00  00
25:075  0:000  110  |  00  FC  00  4C  47  20  55  4C  54  52
25:075  0:000  120  |  41  57  49  44  45  0A  01  87
25:075  0:000  add device: PciRoot(0x0)/Pci(0x1,0x0)
25:075  0:000     Add key=AAPL,slot-name valuelen=15
25:075  0:000     Add key=device_type valuelen=11
25:075  0:000     Add key=model valuelen=51
25:075  0:000  add device: PciRoot(0x0)/Pci(0x14,0x0)
25:075  0:000     Add key=AAPL,slot-name valuelen=16
25:075  0:000     Add key=compatible valuelen=13
25:075  0:000     Add key=device_type valuelen=15
25:075  0:000     Add key=model valuelen=24
25:075  0:000  add device: PciRoot(0x0)/Pci(0x1C,0x2)
25:075  0:000     Add key=AAPL,slot-name valuelen=16
25:075  0:000     Add key=device_type valuelen=11
25:075  0:000     Add key=model valuelen=26
25:075  0:000  add device: PciRoot(0x0)/Pci(0x1C,0x4)/Pci(0x0,0x0)
25:075  0:000     Add key=AAPL,slot-name valuelen=20
25:075  0:000     Add key=built-in valuelen=1
25:075  0:000     Add key=device_type valuelen=19
25:075  0:000     Add key=model valuelen=42
25:075  0:000  add device: PciRoot(0x0)/Pci(0x1F,0x3)
25:075  0:000     Add key=AAPL,slot-name valuelen=16
25:075  0:000     Add key=device_type valuelen=28
25:075  0:000     Add key=layout-id valuelen=4
25:075  0:000     Add key=model valuelen=15
25:075  0:000  ATI injection not set
25:075  0:000  found same device
25:076  0:000   RCBA disabled; cannot use it
25:076  0:000  found same device
25:076  0:000  stringlength = 2894
25:076  0:000  OCABC: AllocPages 1 0x3878C000 (1) - Success
25:076  0:000  CurrentMode: Width=3440 Height=1440
25:076  0:000  SetNvramVariable (system-id, 4D1EDE05-38C7-4A6A-9CC6-4BCCA8B38C14, 0x2, 16): -> writing new (Success)
25:076  0:000  SetNvramVariable (MLB, 4D1EDE05-38C7-4A6A-9CC6-4BCCA8B38C14, 0x6, 17): -> writing new (Success)
25:077  0:000  SetNvramVariable (ROM, 4D1EDE05-38C7-4A6A-9CC6-4BCCA8B38C14, 0x6, 6): -> writing new (Success)
25:077  0:000  SetNvramVariable (FirmwareFeatures, 4D1EDE05-38C7-4A6A-9CC6-4BCCA8B38C14, 0x6, 4): -> writing new (Success)
25:078  0:000  SetNvramVariable (FirmwareFeaturesMask, 4D1EDE05-38C7-4A6A-9CC6-4BCCA8B38C14, 0x6, 4): -> writing new (Success)
25:078  0:000  SetNvramVariable (ExtendedFirmwareFeatures, 4D1EDE05-38C7-4A6A-9CC6-4BCCA8B38C14, 0x6, 8): -> writing new (Success)
25:079  0:000  SetNvramVariable (ExtendedFirmwareFeaturesMask, 4D1EDE05-38C7-4A6A-9CC6-4BCCA8B38C14, 0x6, 8): -> writing new (Success)
25:079  0:000  AddNvramVariable (HW_BID, 4D1EDE05-38C7-4A6A-9CC6-4BCCA8B38C14, 0x6, 20): -> writing new (Success)
25:080  0:000  SetNvramVariable (prev-lang:kbd, 7C436110-AB2A-4BBB-A880-FE41995C9F82, 0x6, 8): -> writing new (Success)
25:080  0:000  AddNvramVariable (security-mode, 7C436110-AB2A-4BBB-A880-FE41995C9F82, 0x6, 5): -> writing new (Success)
25:081  0:000  DeleteNvramVariable (DefaultBackgroundColor, 4D1EDE05-38C7-4A6A-9CC6-4BCCA8B38C14):
25:081  0:000  SetNvramVariable (UIScale, 4D1EDE05-38C7-4A6A-9CC6-4BCCA8B38C14, 0x6, 1): -> writing new (Success)
25:082  0:000  SetNvramVariable (EFILoginHiDPI, 7C436110-AB2A-4BBB-A880-FE41995C9F82, 0x6, 4): -> writing new (Success)
25:082  0:000  SetNvramVariable (flagstate, 7C436110-AB2A-4BBB-A880-FE41995C9F82, 0x6, 32): -> writing new (Success)
25:082  0:000  SetNvramVariable (csr-active-config, 7C436110-AB2A-4BBB-A880-FE41995C9F82, 0x6, 4): -> writing new (Success)
25:083  0:000  DeleteNvramVariable (BridgeOSHardwareModel, 4D1EDE05-38C7-4A6A-9CC6-4BCCA8B38C14):
25:084  0:000  DeleteNvramVariable (bootercfg, 7C436110-AB2A-4BBB-A880-FE41995C9F82):
25:084  0:000  DeleteNvramVariable (nvda_drv, 7C436110-AB2A-4BBB-A880-FE41995C9F82):
25:084  0:000  DeleteNvramVariable (recovery-boot-mode, 7C436110-AB2A-4BBB-A880-FE41995C9F82):
25:084  0:000  AddNvramVariable (wake-failure, 7C436110-AB2A-4BBB-A880-FE41995C9F82, 0x6, 5): -> writing new (Success)
25:085  0:000  AddNvramVariable (bluetoothInternalControllerInfo, 7C436110-AB2A-4BBB-A880-FE41995C9F82, 0x6, 14): -> writing new (Success)
25:085  0:000  AddNvramVariable (bluetoothExternalDongleFailed, 7C436110-AB2A-4BBB-A880-FE41995C9F82, 0x6, 1): -> writing new (Success)
25:086  0:000  DeleteNvramVariable (opencore-version, 7C436110-AB2A-4BBB-A880-FE41995C9F82):
25:086  0:000  DeleteNvramVariable (ApBoardID, 94B73556-2197-4702-82A8-3E1337DAFBFB):
25:087  0:000  DeleteNvramVariable (ApSecurityDomain, 94B73556-2197-4702-82A8-3E1337DAFBFB):
25:087  0:000  DeleteNvramVariable (ApProductionStatus, 94B73556-2197-4702-82A8-3E1337DAFBFB):
25:087  0:000  DeleteNvramVariable (ApSecurityMode, 94B73556-2197-4702-82A8-3E1337DAFBFB):
25:088  0:000  DeleteNvramVariable (EffectiveProductionStatus, 94B73556-2197-4702-82A8-3E1337DAFBFB):
25:088  0:000  DeleteNvramVariable (EffectiveSecurityMode, 94B73556-2197-4702-82A8-3E1337DAFBFB):
25:089  0:000  DeleteNvramVariable (CertificateEpoch, 94B73556-2197-4702-82A8-3E1337DAFBFB):
25:089  0:000  DeleteNvramVariable (MixNMatchPreventionStatus, 94B73556-2197-4702-82A8-3E1337DAFBFB):
25:089  0:000  DeleteNvramVariable (CryptoDigestMethod, 94B73556-2197-4702-82A8-3E1337DAFBFB):
25:090  0:000  DeleteNvramVariable (InternalUseOnlyUnit, 94B73556-2197-4702-82A8-3E1337DAFBFB):
25:090  0:000  DeleteNvramVariable (ApECID, 94B73556-2197-4702-82A8-3E1337DAFBFB):
25:090  0:000  DeleteNvramVariable (HardwareModel, 94B73556-2197-4702-82A8-3E1337DAFBFB):
25:090  0:000  Use origin smbios table type 1 guid.
25:102  0:011  SetStartupDiskVolume:
25:102  0:000    * Volume: 'Preboot'
25:102  0:000    * LoaderPath: '\F9778621-27AE-460F-ADCF-8A33C0E92E97\System\Library\CoreServices\boot.efi'
25:102  0:000    * DevPath: Preboot
25:102  0:000    * EFI_GUID = 11D0FB56-D897-4243-935F-718E7EF2EDE1
25:102  0:000  SetNvramVariable (efi-boot-device-data, 7C436110-AB2A-4BBB-A880-FE41995C9F82, 0x7, 276): exists(0x7, 276), equal -> not writing again.
25:102  0:000    * efi-boot-device: <array><dict><key>IOMatch</key><dict><key>IOProviderClass</key><string>IOMedia</string><key>IOPropertyMatch</key><dict><key>UUID</key><string>11D0FB56-D897-4243-935F-718E7EF2EDE1</string></dict></dict></dict></array>
25:102  0:000  SetNvramVariable (efi-boot-device, 7C436110-AB2A-4BBB-A880-FE41995C9F82, 0x7, 216): exists(0x7, 216), equal -> not writing again.
25:102  0:000  Custom boot is disabled
25:103  0:001  DeleteNvramVariable (IOHibernateRTCVariables, 7C436110-AB2A-4BBB-A880-FE41995C9F82):
25:104  0:000  DeleteNvramVariable (boot-image, 7C436110-AB2A-4BBB-A880-FE41995C9F82):
25:104  0:000  UEFI Quirks
25:104  0:000  EBSD 0  TST 0  AHS 0  DSP 0  EVA 0  EV 0  FUS 0  IIFR 0  RGB 0  RUPR 0  RUO 0  ROR 0  RBVR 0  SRP 0  UFC 0  FOWF 0Kernel quirks
25:104  0:000  ACPCL 0 AXCL 1 AXEM 0 AXFB 0 CSG 0 DIM 1 DLJ 1 DRC 0 DPM 0 EBTFF 0 EDI 1 FAI 0 IPBS 0 LKP 0 PNKD 1 PTKP 1 TPD 0 XPL 1 PCC 1
25:104  0:000  Closing log
